                      :-) GROMACS - gmx mdrun, 2019.4 (-:

                            GROMACS is written by:
     Emile Apol      Rossen Apostolov      Paul Bauer     Herman J.C. Berendsen
    Par Bjelkmar      Christian Blau   Viacheslav Bolnykh     Kevin Boyd    
 Aldert van Buuren   Rudi van Drunen     Anton Feenstra       Alan Gray     
  Gerrit Groenhof     Anca Hamuraru    Vincent Hindriksen  M. Eric Irrgang  
  Aleksei Iupinov   Christoph Junghans     Joe Jordan     Dimitrios Karkoulis
    Peter Kasson        Jiri Kraus      Carsten Kutzner      Per Larsson    
  Justin A. Lemkul    Viveca Lindahl    Magnus Lundborg     Erik Marklund   
    Pascal Merz     Pieter Meulenhoff    Teemu Murtola       Szilard Pall   
    Sander Pronk      Roland Schulz      Michael Shirts    Alexey Shvetsov  
   Alfons Sijbers     Peter Tieleman      Jon Vincent      Teemu Virolainen 
 Christian Wennberg    Maarten Wolf   
                           and the project leaders:
        Mark Abraham, Berk Hess, Erik Lindahl, and David van der Spoel

Copyright (c) 1991-2000, University of Groningen, The Netherlands.
Copyright (c) 2001-2018, The GROMACS development team at
Uppsala University, Stockholm University and
the Royal Institute of Technology, Sweden.
check out http://www.gromacs.org for more information.

GROMACS is free software; you can redistribute it and/or modify it
under the terms of the GNU Lesser General Public License
as published by the Free Software Foundation; either version 2.1
of the License, or (at your option) any later version.

GROMACS:      gmx mdrun, version 2019.4
Executable:   /home/lovelace/proj/proj864/pamellac/Downloads/curso/gromacs-2019.4/bin/gmx_mpi
Data prefix:  /home/lovelace/proj/proj864/pamellac/Downloads/curso/gromacs-2019.4
Working dir:  /home/lovelace/proj/proj864/pamellac/simulations/1
Process ID:   543102
Command line:
  gmx_mpi mdrun -s isobaric.tpr -v -deffnm isobaric -multidir 0 1 2 3 4

GROMACS version:    2019.4
Precision:          single
Memory model:       64 bit
MPI library:        MPI
OpenMP support:     enabled (GMX_OPENMP_MAX_THREADS = 64)
GPU support:        disabled
SIMD instructions:  AVX2_256
FFT library:        fftpack (built-in)
RDTSCP usage:       enabled
TNG support:        enabled
Hwloc support:      disabled
Tracing support:    disabled
C compiler:         /usr/bin/gcc GNU 8.5.0
C compiler flags:    -mavx2 -mfma   -O3 -march=core-avx2 -I//opt/pub/spack/fftw/3.3.9/intel/2021.3.0/include  -O3 -DNDEBUG -funroll-all-loops -fexcess-precision=fast  
C++ compiler:       /opt/intel/oneapi/mpi/2021.3.0/bin/mpiicpc Intel 2021.3.0.20210609
C++ compiler flags:  -mavx2 -mfma    -std=c++11   -O3 -DNDEBUG -ip -funroll-all-loops -alias-const -ansi-alias -no-prec-div -fimf-domain-exclusion=14 -qoverride-limits  


Running on 1 node with total 16 cores, 32 logical cores
Hardware detected on host lovelace.ada.cenapad.unicamp.br (the node of MPI rank 2):
  CPU info:
    Vendor: AMD
    Brand:  AMD EPYC 7282 16-Core Processor                
    Family: 23   Model: 49   Stepping: 0
    Features: aes amd apic avx avx2 clfsh cmov cx8 cx16 f16c fma htt lahf misalignsse mmx msr nonstop_tsc pclmuldq pdpe1gb popcnt pse rdrnd rdtscp sha sse2 sse3 sse4a sse4.1 sse4.2 ssse3 x2apic
  Hardware topology: Basic
    Sockets, cores, and logical processors:
      Socket  0: [   0  16] [   1  17] [   2  18] [   3  19] [   4  20] [   5  21] [   6  22] [   7  23] [   8  24] [   9  25] [  10  26] [  11  27] [  12  28] [  13  29] [  14  30] [  15  31]


++++ PLEASE READ AND CITE THE FOLLOWING REFERENCE ++++
M. J. Abraham, T. Murtola, R. Schulz, S. Páll, J. C. Smith, B. Hess, E.
Lindahl
GROMACS: High performance molecular simulations through multi-level
parallelism from laptops to supercomputers
SoftwareX 1 (2015) pp. 19-25
-------- -------- --- Thank You --- -------- --------


++++ PLEASE READ AND CITE THE FOLLOWING REFERENCE ++++
S. Páll, M. J. Abraham, C. Kutzner, B. Hess, E. Lindahl
Tackling Exascale Software Challenges in Molecular Dynamics Simulations with
GROMACS
In S. Markidis & E. Laure (Eds.), Solving Software Challenges for Exascale 8759 (2015) pp. 3-27
-------- -------- --- Thank You --- -------- --------


++++ PLEASE READ AND CITE THE FOLLOWING REFERENCE ++++
S. Pronk, S. Páll, R. Schulz, P. Larsson, P. Bjelkmar, R. Apostolov, M. R.
Shirts, J. C. Smith, P. M. Kasson, D. van der Spoel, B. Hess, and E. Lindahl
GROMACS 4.5: a high-throughput and highly parallel open source molecular
simulation toolkit
Bioinformatics 29 (2013) pp. 845-54
-------- -------- --- Thank You --- -------- --------


++++ PLEASE READ AND CITE THE FOLLOWING REFERENCE ++++
B. Hess and C. Kutzner and D. van der Spoel and E. Lindahl
GROMACS 4: Algorithms for highly efficient, load-balanced, and scalable
molecular simulation
J. Chem. Theory Comput. 4 (2008) pp. 435-447
-------- -------- --- Thank You --- -------- --------


++++ PLEASE READ AND CITE THE FOLLOWING REFERENCE ++++
D. van der Spoel, E. Lindahl, B. Hess, G. Groenhof, A. E. Mark and H. J. C.
Berendsen
GROMACS: Fast, Flexible and Free
J. Comp. Chem. 26 (2005) pp. 1701-1719
-------- -------- --- Thank You --- -------- --------


++++ PLEASE READ AND CITE THE FOLLOWING REFERENCE ++++
E. Lindahl and B. Hess and D. van der Spoel
GROMACS 3.0: A package for molecular simulation and trajectory analysis
J. Mol. Mod. 7 (2001) pp. 306-317
-------- -------- --- Thank You --- -------- --------


++++ PLEASE READ AND CITE THE FOLLOWING REFERENCE ++++
H. J. C. Berendsen, D. van der Spoel and R. van Drunen
GROMACS: A message-passing parallel molecular dynamics implementation
Comp. Phys. Comm. 91 (1995) pp. 43-56
-------- -------- --- Thank You --- -------- --------


++++ PLEASE CITE THE DOI FOR THIS VERSION OF GROMACS ++++
https://doi.org/10.5281/zenodo.3460414
-------- -------- --- Thank You --- -------- --------


The number of OpenMP threads was set by environment variable OMP_NUM_THREADS to 1

Input Parameters:
   integrator                     = md
   tinit                          = 0
   dt                             = 0.002
   nsteps                         = 50000
   init-step                      = 0
   simulation-part                = 1
   comm-mode                      = Linear
   nstcomm                        = 100
   bd-fric                        = 0
   ld-seed                        = -142131685
   emtol                          = 10
   emstep                         = 0.01
   niter                          = 20
   fcstep                         = 0
   nstcgsteep                     = 1000
   nbfgscorr                      = 10
   rtpi                           = 0.05
   nstxout                        = 500
   nstvout                        = 500
   nstfout                        = 0
   nstlog                         = 500
   nstcalcenergy                  = 100
   nstenergy                      = 500
   nstxout-compressed             = 0
   compressed-x-precision         = 1000
   cutoff-scheme                  = Verlet
   nstlist                        = 10
   ns-type                        = Grid
   pbc                            = xyz
   periodic-molecules             = false
   verlet-buffer-tolerance        = 0.005
   rlist                          = 1
   coulombtype                    = PME
   coulomb-modifier               = Potential-shift
   rcoulomb-switch                = 0
   rcoulomb                       = 1
   epsilon-r                      = 1
   epsilon-rf                     = inf
   vdw-type                       = Cut-off
   vdw-modifier                   = Potential-shift
   rvdw-switch                    = 0
   rvdw                           = 1
   DispCorr                       = EnerPres
   table-extension                = 1
   fourierspacing                 = 0.16
   fourier-nx                     = 48
   fourier-ny                     = 32
   fourier-nz                     = 32
   pme-order                      = 4
   ewald-rtol                     = 1e-05
   ewald-rtol-lj                  = 0.001
   lj-pme-comb-rule               = Geometric
   ewald-geometry                 = 0
   epsilon-surface                = 0
   tcoupl                         = V-rescale
   nsttcouple                     = 10
   nh-chain-length                = 0
   print-nose-hoover-chain-variables = false
   pcoupl                         = Parrinello-Rahman
   pcoupltype                     = Isotropic
   nstpcouple                     = 10
   tau-p                          = 2
   compressibility (3x3):
      compressibility[    0]={ 4.50000e-05,  0.00000e+00,  0.00000e+00}
      compressibility[    1]={ 0.00000e+00,  4.50000e-05,  0.00000e+00}
      compressibility[    2]={ 0.00000e+00,  0.00000e+00,  4.50000e-05}
   ref-p (3x3):
      ref-p[    0]={ 1.00000e+00,  0.00000e+00,  0.00000e+00}
      ref-p[    1]={ 0.00000e+00,  1.00000e+00,  0.00000e+00}
      ref-p[    2]={ 0.00000e+00,  0.00000e+00,  1.00000e+00}
   refcoord-scaling               = COM
   posres-com (3):
      posres-com[0]= 0.00000e+00
      posres-com[1]= 0.00000e+00
      posres-com[2]= 0.00000e+00
   posres-comB (3):
      posres-comB[0]= 0.00000e+00
      posres-comB[1]= 0.00000e+00
      posres-comB[2]= 0.00000e+00
   QMMM                           = false
   QMconstraints                  = 0
   QMMMscheme                     = 0
   MMChargeScaleFactor            = 1
qm-opts:
   ngQM                           = 0
   constraint-algorithm           = Lincs
   continuation                   = true
   Shake-SOR                      = false
   shake-tol                      = 0.0001
   lincs-order                    = 4
   lincs-iter                     = 1
   lincs-warnangle                = 30
   nwall                          = 0
   wall-type                      = 9-3
   wall-r-linpot                  = -1
   wall-atomtype[0]               = -1
   wall-atomtype[1]               = -1
   wall-density[0]                = 0
   wall-density[1]                = 0
   wall-ewald-zfac                = 3
   pull                           = false
   awh                            = false
   rotation                       = false
   interactiveMD                  = false
   disre                          = No
   disre-weighting                = Conservative
   disre-mixed                    = false
   dr-fc                          = 1000
   dr-tau                         = 0
   nstdisreout                    = 100
   orire-fc                       = 0
   orire-tau                      = 0
   nstorireout                    = 100
   free-energy                    = no
   cos-acceleration               = 0
   deform (3x3):
      deform[    0]={ 0.00000e+00,  0.00000e+00,  0.00000e+00}
      deform[    1]={ 0.00000e+00,  0.00000e+00,  0.00000e+00}
      deform[    2]={ 0.00000e+00,  0.00000e+00,  0.00000e+00}
   simulated-tempering            = false
   swapcoords                     = no
   userint1                       = 0
   userint2                       = 0
   userint3                       = 0
   userint4                       = 0
   userreal1                      = 0
   userreal2                      = 0
   userreal3                      = 0
   userreal4                      = 0
   applied-forces:
     electric-field:
       x:
         E0                       = 0
         omega                    = 0
         t0                       = 0
         sigma                    = 0
       y:
         E0                       = 0
         omega                    = 0
         t0                       = 0
         sigma                    = 0
       z:
         E0                       = 0
         omega                    = 0
         t0                       = 0
         sigma                    = 0
grpopts:
   nrdf:     884.913     29496.1
   ref-t:         300         300
   tau-t:         0.1         0.1
annealing:          No          No
annealing-npoints:           0           0
   acc:	           0           0           0
   nfreeze:           N           N           N
   energygrp-flags[  0]: 0

Changing nstlist from 10 to 50, rlist from 1 to 1.107


Initializing Domain Decomposition on 2 ranks
Dynamic load balancing: locked
Using update groups, nr 5107, average size 3.0 atoms, max. radius 0.139 nm
Minimum cell size due to atom displacement: 0.390 nm
Initial maximum distances in bonded interactions:
    two-body bonded interactions: 0.414 nm, LJ-14, atoms 128 136
  multi-body bonded interactions: 0.421 nm, CMAP Dih., atoms 22 36
Minimum cell size due to bonded interactions: 0.463 nm
Using 0 separate PME ranks, as there are too few total
 ranks for efficient splitting
Scaling the initial minimum size with 1/0.8 (option -dds) = 1.25
Optimizing the DD grid for 2 cells with a minimum initial size of 0.578 nm
The maximum allowed number of cells is: X 12 Y 8 Z 7
Domain decomposition grid 2 x 1 x 1, separate PME ranks 0
PME domain decomposition: 2 x 1 x 1
Domain decomposition rank 0, coordinates 0 0 0

The initial number of communication pulses is: X 1
The initial domain decomposition cell size is: X 3.55 nm

The maximum allowed distance for atom groups involved in interactions is:
                 non-bonded interactions           1.385 nm
(the following are initial values, they could change due to box deformation)
            two-body bonded interactions  (-rdd)   1.385 nm
          multi-body bonded interactions  (-rdd)   1.385 nm

When dynamic load balancing gets turned on, these settings will change to:
The maximum number of communication pulses is: X 1
The minimum size for domain decomposition cells is 1.385 nm
The requested allowed shrink of DD cells (option -dds) is: 0.80
The allowed shrink of domain decomposition cells is: X 0.39
The maximum allowed distance for atom groups involved in interactions is:
                 non-bonded interactions           1.385 nm
            two-body bonded interactions  (-rdd)   1.385 nm
          multi-body bonded interactions  (-rdd)   1.385 nm

This is simulation 1 out of 5 running as a composite GROMACS
multi-simulation job. Setup for this simulation:

Using 2 MPI processes
Using 1 OpenMP thread per MPI process


Non-default thread affinity set probably by the OpenMP library,
disabling internal thread affinity
System total charge: 0.041
Will do PME sum in reciprocal space for electrostatic interactions.

++++ PLEASE READ AND CITE THE FOLLOWING REFERENCE ++++
U. Essmann, L. Perera, M. L. Berkowitz, T. Darden, H. Lee and L. G. Pedersen 
A smooth particle mesh Ewald method
J. Chem. Phys. 103 (1995) pp. 8577-8592
-------- -------- --- Thank You --- -------- --------

Using a Gaussian width (1/beta) of 0.320163 nm for Ewald
Potential shift: LJ r^-12: -1.000e+00 r^-6: -1.000e+00, Ewald -1.000e-05
Initialized non-bonded Ewald correction tables, spacing: 9.33e-04 size: 1073

Long Range LJ corr.: <C6> 3.0719e-04
Generated table with 1053 data points for Ewald.
Tabscale = 500 points/nm
Generated table with 1053 data points for LJ6.
Tabscale = 500 points/nm
Generated table with 1053 data points for LJ12.
Tabscale = 500 points/nm
Generated table with 1053 data points for 1-4 COUL.
Tabscale = 500 points/nm
Generated table with 1053 data points for 1-4 LJ6.
Tabscale = 500 points/nm
Generated table with 1053 data points for 1-4 LJ12.
Tabscale = 500 points/nm

Using SIMD 4x8 nonbonded short-range kernels

Using a dual 4x8 pair-list setup updated with dynamic pruning:
  outer list: updated every 50 steps, buffer 0.107 nm, rlist 1.107 nm
  inner list: updated every 12 steps, buffer 0.002 nm, rlist 1.002 nm
At tolerance 0.005 kJ/mol/ps per atom, equivalent classical 1x1 list would be:
  outer list: updated every 50 steps, buffer 0.233 nm, rlist 1.233 nm
  inner list: updated every 12 steps, buffer 0.046 nm, rlist 1.046 nm

Using full Lennard-Jones parameter combination matrix


Initializing LINear Constraint Solver

++++ PLEASE READ AND CITE THE FOLLOWING REFERENCE ++++
B. Hess and H. Bekker and H. J. C. Berendsen and J. G. E. M. Fraaije
LINCS: A Linear Constraint Solver for molecular simulations
J. Comp. Chem. 18 (1997) pp. 1463-1472
-------- -------- --- Thank You --- -------- --------

The number of constraints is 177

++++ PLEASE READ AND CITE THE FOLLOWING REFERENCE ++++
S. Miyamoto and P. A. Kollman
SETTLE: An Analytical Version of the SHAKE and RATTLE Algorithms for Rigid
Water Models
J. Comp. Chem. 13 (1992) pp. 952-962
-------- -------- --- Thank You --- -------- --------


Linking all bonded interactions to atoms


Intra-simulation communication will occur every 10 steps.
Center of mass motion removal mode is Linear
We have the following groups for center of mass motion removal:
  0:  rest

++++ PLEASE READ AND CITE THE FOLLOWING REFERENCE ++++
G. Bussi, D. Donadio and M. Parrinello
Canonical sampling through velocity rescaling
J. Chem. Phys. 126 (2007) pp. 014101
-------- -------- --- Thank You --- -------- --------

There are: 15090 Atoms
Atom distribution over 2 domains: av 7545 stddev 19 min 7526 max 7564

Started mdrun on rank 0 Mon Mar  4 13:21:20 2024

           Step           Time
              0        0.00000

   Energies (kJ/mol)
           Bond            U-B    Proper Dih.  Improper Dih.      CMAP Dih.
    2.96675e+02    7.70446e+02    9.55932e+02    5.50472e+01   -1.02791e+02
          LJ-14     Coulomb-14        LJ (SR)  Disper. corr.   Coulomb (SR)
    2.59211e+02    4.38359e+03    2.16332e+04   -1.82151e+03   -2.39896e+05
   Coul. recip.      Potential    Kinetic En.   Total Energy  Conserved En.
    1.45832e+03   -2.12007e+05    3.80856e+04   -1.73922e+05   -1.73912e+05
    Temperature Pres. DC (bar) Pressure (bar)   Constr. rmsd
    3.01547e+02   -1.88516e+02   -1.42191e+03    3.25736e-06


DD  step 49 load imb.: force  0.9%

DD  step 499 load imb.: force  0.6%
           Step           Time
            500        1.00000

   Energies (kJ/mol)
           Bond            U-B    Proper Dih.  Improper Dih.      CMAP Dih.
    2.72313e+02    7.85767e+02    9.50200e+02    4.16505e+01   -1.01293e+02
          LJ-14     Coulomb-14        LJ (SR)  Disper. corr.   Coulomb (SR)
    2.80048e+02    4.41224e+03    2.43753e+04   -1.99127e+03   -2.45744e+05
   Coul. recip.      Potential    Kinetic En.   Total Energy  Conserved En.
    1.32562e+03   -2.15394e+05    3.82629e+04   -1.77131e+05   -1.73937e+05
    Temperature Pres. DC (bar) Pressure (bar)   Constr. rmsd
    3.02951e+02   -2.25241e+02    9.25543e+02    2.91541e-06


DD  step 999 load imb.: force  0.4%
           Step           Time
           1000        2.00000

   Energies (kJ/mol)
           Bond            U-B    Proper Dih.  Improper Dih.      CMAP Dih.
    2.03639e+02    8.48567e+02    9.89163e+02    5.44684e+01   -1.18060e+02
          LJ-14     Coulomb-14        LJ (SR)  Disper. corr.   Coulomb (SR)
    2.54277e+02    4.36685e+03    2.24859e+04   -1.96473e+03   -2.43968e+05
   Coul. recip.      Potential    Kinetic En.   Total Energy  Conserved En.
    1.29142e+03   -2.15557e+05    3.73421e+04   -1.78215e+05   -1.73942e+05
    Temperature Pres. DC (bar) Pressure (bar)   Constr. rmsd
    2.95660e+02   -2.19285e+02   -3.05948e+02    2.94537e-06


DD  step 1499 load imb.: force  0.3%
           Step           Time
           1500        3.00000

   Energies (kJ/mol)
           Bond            U-B    Proper Dih.  Improper Dih.      CMAP Dih.
    2.61330e+02    7.62668e+02    9.75660e+02    7.13948e+01   -1.23190e+02
          LJ-14     Coulomb-14        LJ (SR)  Disper. corr.   Coulomb (SR)
    2.53075e+02    4.41570e+03    2.28748e+04   -1.98431e+03   -2.44395e+05
   Coul. recip.      Potential    Kinetic En.   Total Energy  Conserved En.
    1.29098e+03   -2.15597e+05    3.77483e+04   -1.77849e+05   -1.73944e+05
    Temperature Pres. DC (bar) Pressure (bar)   Constr. rmsd
    2.98876e+02   -2.23673e+02    1.45238e+02    2.97460e-06


DD  step 1999 load imb.: force  0.4%
           Step           Time
           2000        4.00000

   Energies (kJ/mol)
           Bond            U-B    Proper Dih.  Improper Dih.      CMAP Dih.
    3.06475e+02    8.27286e+02    9.66893e+02    4.34736e+01   -1.42427e+02
          LJ-14     Coulomb-14        LJ (SR)  Disper. corr.   Coulomb (SR)
    2.55175e+02    4.36626e+03    2.34042e+04   -1.96812e+03   -2.44488e+05
   Coul. recip.      Potential    Kinetic En.   Total Energy  Conserved En.
    1.35078e+03   -2.15078e+05    3.83102e+04   -1.76767e+05   -1.73936e+05
    Temperature Pres. DC (bar) Pressure (bar)   Constr. rmsd
    3.03325e+02   -2.20042e+02    1.80766e+02    3.23871e-06


DD  step 2499 load imb.: force  0.1%
           Step           Time
           2500        5.00000

   Energies (kJ/mol)
           Bond            U-B    Proper Dih.  Improper Dih.      CMAP Dih.
    3.08630e+02    7.85748e+02    9.64891e+02    5.11733e+01   -1.02250e+02
          LJ-14     Coulomb-14        LJ (SR)  Disper. corr.   Coulomb (SR)
    2.49248e+02    4.33748e+03    2.25775e+04   -1.97311e+03   -2.44134e+05
   Coul. recip.      Potential    Kinetic En.   Total Energy  Conserved En.
    1.35849e+03   -2.15577e+05    3.83140e+04   -1.77263e+05   -1.73927e+05
    Temperature Pres. DC (bar) Pressure (bar)   Constr. rmsd
    3.03355e+02   -2.21157e+02   -1.31650e+02    3.33546e-06


DD  step 2999 load imb.: force  0.0%
           Step           Time
           3000        6.00000

   Energies (kJ/mol)
           Bond            U-B    Proper Dih.  Improper Dih.      CMAP Dih.
    2.83829e+02    8.39020e+02    9.48943e+02    4.74492e+01   -1.29004e+02
          LJ-14     Coulomb-14        LJ (SR)  Disper. corr.   Coulomb (SR)
    2.59154e+02    4.38868e+03    2.24860e+04   -1.99057e+03   -2.43787e+05
   Coul. recip.      Potential    Kinetic En.   Total Energy  Conserved En.
    1.30195e+03   -2.15351e+05    3.79114e+04   -1.77440e+05   -1.73922e+05
    Temperature Pres. DC (bar) Pressure (bar)   Constr. rmsd
    3.00167e+02   -2.25084e+02    7.37738e+01    2.69868e-06


DD  step 3499 load imb.: force  0.2%
           Step           Time
           3500        7.00000

   Energies (kJ/mol)
           Bond            U-B    Proper Dih.  Improper Dih.      CMAP Dih.
    2.69393e+02    8.39081e+02    9.76903e+02    2.78002e+01   -1.24073e+02
          LJ-14     Coulomb-14        LJ (SR)  Disper. corr.   Coulomb (SR)
    2.27007e+02    4.31931e+03    2.25252e+04   -1.99013e+03   -2.44453e+05
   Coul. recip.      Potential    Kinetic En.   Total Energy  Conserved En.
    1.27423e+03   -2.16108e+05    3.70072e+04   -1.79101e+05   -1.73925e+05
    Temperature Pres. DC (bar) Pressure (bar)   Constr. rmsd
    2.93008e+02   -2.24984e+02   -1.41902e+02    2.27920e-06


DD  step 3999 load imb.: force  0.6%
           Step           Time
           4000        8.00000

   Energies (kJ/mol)
           Bond            U-B    Proper Dih.  Improper Dih.      CMAP Dih.
    2.79976e+02    8.08505e+02    9.74151e+02    6.81908e+01   -1.26137e+02
          LJ-14     Coulomb-14        LJ (SR)  Disper. corr.   Coulomb (SR)
    2.70192e+02    4.31014e+03    2.30836e+04   -1.97325e+03   -2.45486e+05
   Coul. recip.      Potential    Kinetic En.   Total Energy  Conserved En.
    1.33414e+03   -2.16456e+05    3.76139e+04   -1.78842e+05   -1.73905e+05
    Temperature Pres. DC (bar) Pressure (bar)   Constr. rmsd
    2.97812e+02   -2.21189e+02   -2.52858e+01    3.72539e-06


DD  step 4499 load imb.: force  0.7%
           Step           Time
           4500        9.00000

   Energies (kJ/mol)
           Bond            U-B    Proper Dih.  Improper Dih.      CMAP Dih.
    2.87514e+02    7.92944e+02    9.60441e+02    6.98017e+01   -1.32820e+02
          LJ-14     Coulomb-14        LJ (SR)  Disper. corr.   Coulomb (SR)
    2.68555e+02    4.33255e+03    2.35125e+04   -1.97656e+03   -2.45759e+05
   Coul. recip.      Potential    Kinetic En.   Total Energy  Conserved En.
    1.32985e+03   -2.16314e+05    3.80610e+04   -1.78253e+05   -1.73908e+05
    Temperature Pres. DC (bar) Pressure (bar)   Constr. rmsd
    3.01352e+02   -2.21929e+02    2.10350e+02    2.63875e-06


DD  step 4999 load imb.: force  0.4%
           Step           Time
           5000       10.00000

   Energies (kJ/mol)
           Bond            U-B    Proper Dih.  Improper Dih.      CMAP Dih.
    2.69036e+02    8.20115e+02    1.01349e+03    6.92952e+01   -1.30480e+02
          LJ-14     Coulomb-14        LJ (SR)  Disper. corr.   Coulomb (SR)
    2.41671e+02    4.32036e+03    2.28721e+04   -1.97993e+03   -2.44358e+05
   Coul. recip.      Potential    Kinetic En.   Total Energy  Conserved En.
    1.30412e+03   -2.15558e+05    3.78785e+04   -1.77680e+05   -1.73916e+05
    Temperature Pres. DC (bar) Pressure (bar)   Constr. rmsd
    2.99907e+02   -2.22686e+02   -1.61154e+02    2.95353e-06


DD  step 5499 load imb.: force  1.0%
           Step           Time
           5500       11.00000

   Energies (kJ/mol)
           Bond            U-B    Proper Dih.  Improper Dih.      CMAP Dih.
    2.59273e+02    7.83234e+02    9.87186e+02    6.29311e+01   -1.22941e+02
          LJ-14     Coulomb-14        LJ (SR)  Disper. corr.   Coulomb (SR)
    2.60539e+02    4.38347e+03    2.29874e+04   -1.97864e+03   -2.44782e+05
   Coul. recip.      Potential    Kinetic En.   Total Energy  Conserved En.
    1.28914e+03   -2.15871e+05    3.78644e+04   -1.78006e+05   -1.73910e+05
    Temperature Pres. DC (bar) Pressure (bar)   Constr. rmsd
    2.99795e+02   -2.22397e+02    6.18023e+01    2.63792e-06


DD  step 5999 load imb.: force  0.9%
           Step           Time
           6000       12.00000

   Energies (kJ/mol)
           Bond            U-B    Proper Dih.  Improper Dih.      CMAP Dih.
    2.65052e+02    7.90163e+02    9.59856e+02    5.65362e+01   -1.09590e+02
          LJ-14     Coulomb-14        LJ (SR)  Disper. corr.   Coulomb (SR)
    2.64255e+02    4.38218e+03    2.29889e+04   -1.98632e+03   -2.45085e+05
   Coul. recip.      Potential    Kinetic En.   Total Energy  Conserved En.
    1.31703e+03   -2.16157e+05    3.79134e+04   -1.78244e+05   -1.73910e+05
    Temperature Pres. DC (bar) Pressure (bar)   Constr. rmsd
    3.00183e+02   -2.24124e+02   -1.98362e+01    3.67548e-06


DD  step 6499 load imb.: force  0.7%
           Step           Time
           6500       13.00000

   Energies (kJ/mol)
           Bond            U-B    Proper Dih.  Improper Dih.      CMAP Dih.
    2.41374e+02    7.79110e+02    9.66167e+02    5.10221e+01   -1.23349e+02
          LJ-14     Coulomb-14        LJ (SR)  Disper. corr.   Coulomb (SR)
    2.79831e+02    4.37456e+03    2.29234e+04   -1.97568e+03   -2.44336e+05
   Coul. recip.      Potential    Kinetic En.   Total Energy  Conserved En.
    1.34806e+03   -2.15472e+05    3.75581e+04   -1.77914e+05   -1.73888e+05
    Temperature Pres. DC (bar) Pressure (bar)   Constr. rmsd
    2.97370e+02   -2.21732e+02    4.07908e+01    2.55002e-06


DD  step 6999 load imb.: force  1.2%
           Step           Time
           7000       14.00000

   Energies (kJ/mol)
           Bond            U-B    Proper Dih.  Improper Dih.      CMAP Dih.
    2.88368e+02    8.32997e+02    9.77334e+02    4.62150e+01   -1.19275e+02
          LJ-14     Coulomb-14        LJ (SR)  Disper. corr.   Coulomb (SR)
    2.44958e+02    4.32741e+03    2.26143e+04   -1.99133e+03   -2.44123e+05
   Coul. recip.      Potential    Kinetic En.   Total Energy  Conserved En.
    1.34276e+03   -2.15559e+05    3.78206e+04   -1.77739e+05   -1.73887e+05
    Temperature Pres. DC (bar) Pressure (bar)   Constr. rmsd
    2.99448e+02   -2.25256e+02   -1.03876e+02    2.84520e-06


DD  step 7499 load imb.: force  1.4%
           Step           Time
           7500       15.00000

   Energies (kJ/mol)
           Bond            U-B    Proper Dih.  Improper Dih.      CMAP Dih.
    2.97589e+02    8.00627e+02    9.72505e+02    4.83084e+01   -1.19255e+02
          LJ-14     Coulomb-14        LJ (SR)  Disper. corr.   Coulomb (SR)
    2.48221e+02    4.36490e+03    2.26375e+04   -1.98499e+03   -2.44722e+05
   Coul. recip.      Potential    Kinetic En.   Total Energy  Conserved En.
    1.32786e+03   -2.16129e+05    3.75612e+04   -1.78568e+05   -1.73885e+05
    Temperature Pres. DC (bar) Pressure (bar)   Constr. rmsd
    2.97394e+02   -2.23825e+02   -1.84728e+02    2.43279e-06


DD  step 7999 load imb.: force  0.9%
           Step           Time
           8000       16.00000

   Energies (kJ/mol)
           Bond            U-B    Proper Dih.  Improper Dih.      CMAP Dih.
    2.42605e+02    8.56417e+02    9.81619e+02    4.94475e+01   -1.08422e+02
          LJ-14     Coulomb-14        LJ (SR)  Disper. corr.   Coulomb (SR)
    2.70022e+02    4.35197e+03    2.36651e+04   -1.97456e+03   -2.45370e+05
   Coul. recip.      Potential    Kinetic En.   Total Energy  Conserved En.
    1.33329e+03   -2.15703e+05    3.86102e+04   -1.77093e+05   -1.73886e+05
    Temperature Pres. DC (bar) Pressure (bar)   Constr. rmsd
    3.05701e+02   -2.21482e+02    2.70825e+02    2.83309e-06


DD  step 8499 load imb.: force  0.9%
           Step           Time
           8500       17.00000

   Energies (kJ/mol)
           Bond            U-B    Proper Dih.  Improper Dih.      CMAP Dih.
    2.79204e+02    8.32696e+02    9.69819e+02    4.24426e+01   -1.03338e+02
          LJ-14     Coulomb-14        LJ (SR)  Disper. corr.   Coulomb (SR)
    2.77196e+02    4.32018e+03    2.23396e+04   -1.97554e+03   -2.43873e+05
   Coul. recip.      Potential    Kinetic En.   Total Energy  Conserved En.
    1.29542e+03   -2.15595e+05    3.83586e+04   -1.77237e+05   -1.73884e+05
    Temperature Pres. DC (bar) Pressure (bar)   Constr. rmsd
    3.03708e+02   -2.21701e+02   -1.57360e+02    3.19124e-06


DD  step 8999 load imb.: force  0.2%
           Step           Time
           9000       18.00000

   Energies (kJ/mol)
           Bond            U-B    Proper Dih.  Improper Dih.      CMAP Dih.
    2.60185e+02    8.40574e+02    9.73130e+02    5.84302e+01   -1.08977e+02
          LJ-14     Coulomb-14        LJ (SR)  Disper. corr.   Coulomb (SR)
    2.47327e+02    4.31868e+03    2.26709e+04   -1.97203e+03   -2.43363e+05
   Coul. recip.      Potential    Kinetic En.   Total Energy  Conserved En.
    1.38518e+03   -2.14689e+05    3.76180e+04   -1.77071e+05   -1.73878e+05
    Temperature Pres. DC (bar) Pressure (bar)   Constr. rmsd
    2.97844e+02   -2.20915e+02    8.33775e+00    3.20198e-06


DD  step 9499 load imb.: force  0.6%
           Step           Time
           9500       19.00000

   Energies (kJ/mol)
           Bond            U-B    Proper Dih.  Improper Dih.      CMAP Dih.
    2.87375e+02    8.27593e+02    9.39522e+02    6.69366e+01   -1.02473e+02
          LJ-14     Coulomb-14        LJ (SR)  Disper. corr.   Coulomb (SR)
    2.61531e+02    4.36626e+03    2.26659e+04   -1.97682e+03   -2.44157e+05
   Coul. recip.      Potential    Kinetic En.   Total Energy  Conserved En.
    1.29651e+03   -2.15524e+05    3.83489e+04   -1.77176e+05   -1.73876e+05
    Temperature Pres. DC (bar) Pressure (bar)   Constr. rmsd
    3.03631e+02   -2.21988e+02   -8.57691e+01    2.23150e-06


DD  step 9999 load imb.: force  0.5%
           Step           Time
          10000       20.00000

   Energies (kJ/mol)
           Bond            U-B    Proper Dih.  Improper Dih.      CMAP Dih.
    2.98554e+02    9.12506e+02    9.23205e+02    6.56197e+01   -1.05938e+02
          LJ-14     Coulomb-14        LJ (SR)  Disper. corr.   Coulomb (SR)
    2.45296e+02    4.33918e+03    2.25526e+04   -1.97363e+03   -2.43188e+05
   Coul. recip.      Potential    Kinetic En.   Total Energy  Conserved En.
    1.37675e+03   -2.14554e+05    3.81691e+04   -1.76385e+05   -1.73873e+05
    Temperature Pres. DC (bar) Pressure (bar)   Constr. rmsd
    3.02208e+02   -2.21272e+02   -1.11401e+02    3.01741e-06


DD  step 10499 load imb.: force  0.3%
           Step           Time
          10500       21.00000

   Energies (kJ/mol)
           Bond            U-B    Proper Dih.  Improper Dih.      CMAP Dih.
    2.58299e+02    8.56645e+02    9.23882e+02    4.70894e+01   -1.16319e+02
          LJ-14     Coulomb-14        LJ (SR)  Disper. corr.   Coulomb (SR)
    2.52439e+02    4.35560e+03    2.26698e+04   -1.98346e+03   -2.44322e+05
   Coul. recip.      Potential    Kinetic En.   Total Energy  Conserved En.
    1.37487e+03   -2.15683e+05    3.77810e+04   -1.77902e+05   -1.73864e+05
    Temperature Pres. DC (bar) Pressure (bar)   Constr. rmsd
    2.99135e+02   -2.23481e+02   -1.01905e+02    3.75122e-06


DD  step 10999 load imb.: force  0.8%
           Step           Time
          11000       22.00000

   Energies (kJ/mol)
           Bond            U-B    Proper Dih.  Improper Dih.      CMAP Dih.
    2.89446e+02    8.74219e+02    9.56856e+02    4.46654e+01   -1.16299e+02
          LJ-14     Coulomb-14        LJ (SR)  Disper. corr.   Coulomb (SR)
    2.53637e+02    4.37873e+03    2.28124e+04   -1.98510e+03   -2.44500e+05
   Coul. recip.      Potential    Kinetic En.   Total Energy  Conserved En.
    1.34727e+03   -2.15644e+05    3.82303e+04   -1.77413e+05   -1.73867e+05
    Temperature Pres. DC (bar) Pressure (bar)   Constr. rmsd
    3.02693e+02   -2.23850e+02   -4.95750e+01    2.21099e-06


DD  step 11499 load imb.: force  1.0%
           Step           Time
          11500       23.00000

   Energies (kJ/mol)
           Bond            U-B    Proper Dih.  Improper Dih.      CMAP Dih.
    2.86533e+02    8.17754e+02    9.50631e+02    7.21230e+01   -1.14971e+02
          LJ-14     Coulomb-14        LJ (SR)  Disper. corr.   Coulomb (SR)
    2.53354e+02    4.28162e+03    2.25139e+04   -1.97676e+03   -2.44039e+05
   Coul. recip.      Potential    Kinetic En.   Total Energy  Conserved En.
    1.40349e+03   -2.15551e+05    3.81884e+04   -1.77363e+05   -1.73864e+05
    Temperature Pres. DC (bar) Pressure (bar)   Constr. rmsd
    3.02360e+02   -2.21975e+02   -2.09915e+02    3.22401e-06


DD  step 11999 load imb.: force  0.6%
           Step           Time
          12000       24.00000

   Energies (kJ/mol)
           Bond            U-B    Proper Dih.  Improper Dih.      CMAP Dih.
    2.19167e+02    8.38836e+02    9.47746e+02    3.96736e+01   -1.25013e+02
          LJ-14     Coulomb-14        LJ (SR)  Disper. corr.   Coulomb (SR)
    2.70202e+02    4.31794e+03    2.33244e+04   -1.97816e+03   -2.45579e+05
   Coul. recip.      Potential    Kinetic En.   Total Energy  Conserved En.
    1.29775e+03   -2.16426e+05    3.79149e+04   -1.78511e+05   -1.73861e+05
    Temperature Pres. DC (bar) Pressure (bar)   Constr. rmsd
    3.00195e+02   -2.22289e+02    7.83389e+01    2.80445e-06


DD  step 12499 load imb.: force  1.0%
           Step           Time
          12500       25.00000

   Energies (kJ/mol)
           Bond            U-B    Proper Dih.  Improper Dih.      CMAP Dih.
    3.17449e+02    8.88113e+02    9.23250e+02    4.69198e+01   -1.07589e+02
          LJ-14     Coulomb-14        LJ (SR)  Disper. corr.   Coulomb (SR)
    2.45570e+02    4.24282e+03    2.33993e+04   -1.98368e+03   -2.44945e+05
   Coul. recip.      Potential    Kinetic En.   Total Energy  Conserved En.
    1.29679e+03   -2.15676e+05    3.76406e+04   -1.78036e+05   -1.73844e+05
    Temperature Pres. DC (bar) Pressure (bar)   Constr. rmsd
    2.98024e+02   -2.23529e+02    1.63068e+02    2.35908e-06


DD  step 12999 load imb.: force  0.4%
           Step           Time
          13000       26.00000

   Energies (kJ/mol)
           Bond            U-B    Proper Dih.  Improper Dih.      CMAP Dih.
    3.02041e+02    8.50876e+02    9.26493e+02    5.50676e+01   -9.80212e+01
          LJ-14     Coulomb-14        LJ (SR)  Disper. corr.   Coulomb (SR)
    2.68576e+02    4.31549e+03    2.25434e+04   -1.98661e+03   -2.43901e+05
   Coul. recip.      Potential    Kinetic En.   Total Energy  Conserved En.
    1.31044e+03   -2.15413e+05    3.80794e+04   -1.77334e+05   -1.73848e+05
    Temperature Pres. DC (bar) Pressure (bar)   Constr. rmsd
    3.01497e+02   -2.24190e+02   -1.07239e+02    3.63901e-06


DD  step 13499 load imb.: force  1.0%
           Step           Time
          13500       27.00000

   Energies (kJ/mol)
           Bond            U-B    Proper Dih.  Improper Dih.      CMAP Dih.
    2.81441e+02    8.47944e+02    9.45368e+02    7.27336e+01   -1.11124e+02
          LJ-14     Coulomb-14        LJ (SR)  Disper. corr.   Coulomb (SR)
    2.49602e+02    4.34487e+03    2.22450e+04   -1.98346e+03   -2.43768e+05
   Coul. recip.      Potential    Kinetic En.   Total Energy  Conserved En.
    1.32229e+03   -2.15553e+05    3.76008e+04   -1.77953e+05   -1.73843e+05
    Temperature Pres. DC (bar) Pressure (bar)   Constr. rmsd
    2.97708e+02   -2.23481e+02   -1.88866e+02    2.11293e-06


DD  step 13999 load imb.: force  0.9%
           Step           Time
          14000       28.00000

   Energies (kJ/mol)
           Bond            U-B    Proper Dih.  Improper Dih.      CMAP Dih.
    2.72622e+02    8.12394e+02    9.57439e+02    5.66885e+01   -1.19492e+02
          LJ-14     Coulomb-14        LJ (SR)  Disper. corr.   Coulomb (SR)
    2.74629e+02    4.34398e+03    2.24251e+04   -1.96782e+03   -2.43600e+05
   Coul. recip.      Potential    Kinetic En.   Total Energy  Conserved En.
    1.33748e+03   -2.15207e+05    3.77912e+04   -1.77416e+05   -1.73843e+05
    Temperature Pres. DC (bar) Pressure (bar)   Constr. rmsd
    2.99216e+02   -2.19973e+02   -2.19877e+02    3.20370e-06


DD  step 14499 load imb.: force  1.9%
           Step           Time
          14500       29.00000

   Energies (kJ/mol)
           Bond            U-B    Proper Dih.  Improper Dih.      CMAP Dih.
    3.17354e+02    7.82780e+02    9.54095e+02    4.06026e+01   -1.07573e+02
          LJ-14     Coulomb-14        LJ (SR)  Disper. corr.   Coulomb (SR)
    2.53895e+02    4.33337e+03    2.34643e+04   -1.97607e+03   -2.44477e+05
   Coul. recip.      Potential    Kinetic En.   Total Energy  Conserved En.
    1.32425e+03   -2.15090e+05    3.79035e+04   -1.77186e+05   -1.73842e+05
    Temperature Pres. DC (bar) Pressure (bar)   Constr. rmsd
    3.00105e+02   -2.21820e+02    1.44123e+02    3.13269e-06


DD  step 14999 load imb.: force  0.3%
           Step           Time
          15000       30.00000

   Energies (kJ/mol)
           Bond            U-B    Proper Dih.  Improper Dih.      CMAP Dih.
    2.19159e+02    7.71385e+02    9.41458e+02    3.55830e+01   -1.08621e+02
          LJ-14     Coulomb-14        LJ (SR)  Disper. corr.   Coulomb (SR)
    2.77202e+02    4.43074e+03    2.30156e+04   -1.98399e+03   -2.44743e+05
   Coul. recip.      Potential    Kinetic En.   Total Energy  Conserved En.
    1.30002e+03   -2.15845e+05    3.80320e+04   -1.77813e+05   -1.73839e+05
    Temperature Pres. DC (bar) Pressure (bar)   Constr. rmsd
    3.01123e+02   -2.23600e+02    1.65712e+02    3.35637e-06


DD  step 15499 load imb.: force  0.1%
           Step           Time
          15500       31.00000

   Energies (kJ/mol)
           Bond            U-B    Proper Dih.  Improper Dih.      CMAP Dih.
    3.14776e+02    8.86955e+02    9.63185e+02    5.43620e+01   -1.07025e+02
          LJ-14     Coulomb-14        LJ (SR)  Disper. corr.   Coulomb (SR)
    2.29202e+02    4.31440e+03    2.28419e+04   -1.98823e+03   -2.44768e+05
   Coul. recip.      Potential    Kinetic En.   Total Energy  Conserved En.
    1.33446e+03   -2.15924e+05    3.78125e+04   -1.78112e+05   -1.73826e+05
    Temperature Pres. DC (bar) Pressure (bar)   Constr. rmsd
    2.99384e+02   -2.24555e+02   -1.42262e+02    2.09604e-06


DD  step 15999 load imb.: force  0.3%
           Step           Time
          16000       32.00000

   Energies (kJ/mol)
           Bond            U-B    Proper Dih.  Improper Dih.      CMAP Dih.
    2.66904e+02    7.69242e+02    9.66671e+02    4.01986e+01   -1.05773e+02
          LJ-14     Coulomb-14        LJ (SR)  Disper. corr.   Coulomb (SR)
    2.76946e+02    4.44778e+03    2.26802e+04   -1.97701e+03   -2.44764e+05
   Coul. recip.      Potential    Kinetic En.   Total Energy  Conserved En.
    1.32032e+03   -2.16078e+05    3.80623e+04   -1.78016e+05   -1.73834e+05
    Temperature Pres. DC (bar) Pressure (bar)   Constr. rmsd
    3.01362e+02   -2.22032e+02   -2.55970e+02    3.05828e-06


DD  step 16499 load imb.: force  0.3%
           Step           Time
          16500       33.00000

   Energies (kJ/mol)
           Bond            U-B    Proper Dih.  Improper Dih.      CMAP Dih.
    3.10038e+02    8.01098e+02    9.64994e+02    4.07846e+01   -1.22403e+02
          LJ-14     Coulomb-14        LJ (SR)  Disper. corr.   Coulomb (SR)
    2.86145e+02    4.40798e+03    2.29583e+04   -1.98028e+03   -2.44160e+05
   Coul. recip.      Potential    Kinetic En.   Total Energy  Conserved En.
    1.31253e+03   -2.15181e+05    3.80275e+04   -1.77154e+05   -1.73825e+05
    Temperature Pres. DC (bar) Pressure (bar)   Constr. rmsd
    3.01087e+02   -2.22766e+02    6.61363e+01    2.68426e-06


DD  step 16999 load imb.: force  0.8%
           Step           Time
          17000       34.00000

   Energies (kJ/mol)
           Bond            U-B    Proper Dih.  Improper Dih.      CMAP Dih.
    2.80617e+02    7.79588e+02    9.37267e+02    3.99872e+01   -1.04585e+02
          LJ-14     Coulomb-14        LJ (SR)  Disper. corr.   Coulomb (SR)
    2.45631e+02    4.32779e+03    2.22301e+04   -1.98054e+03   -2.43799e+05
   Coul. recip.      Potential    Kinetic En.   Total Energy  Conserved En.
    1.31034e+03   -2.15733e+05    3.77025e+04   -1.78031e+05   -1.73831e+05
    Temperature Pres. DC (bar) Pressure (bar)   Constr. rmsd
    2.98513e+02   -2.22822e+02   -3.30232e+02    2.27737e-06


DD  step 17499 load imb.: force  1.9%
           Step           Time
          17500       35.00000

   Energies (kJ/mol)
           Bond            U-B    Proper Dih.  Improper Dih.      CMAP Dih.
    2.36033e+02    7.88811e+02    9.40768e+02    5.19951e+01   -1.15246e+02
          LJ-14     Coulomb-14        LJ (SR)  Disper. corr.   Coulomb (SR)
    2.61974e+02    4.39235e+03    2.32088e+04   -1.98823e+03   -2.45783e+05
   Coul. recip.      Potential    Kinetic En.   Total Energy  Conserved En.
    1.27859e+03   -2.16727e+05    3.74933e+04   -1.79234e+05   -1.73828e+05
    Temperature Pres. DC (bar) Pressure (bar)   Constr. rmsd
    2.96857e+02   -2.24556e+02    9.28550e+01    2.15257e-06


DD  step 17999 load imb.: force  0.6%
           Step           Time
          18000       36.00000

   Energies (kJ/mol)
           Bond            U-B    Proper Dih.  Improper Dih.      CMAP Dih.
    2.78051e+02    9.64165e+02    9.38335e+02    3.35172e+01   -1.06646e+02
          LJ-14     Coulomb-14        LJ (SR)  Disper. corr.   Coulomb (SR)
    2.56698e+02    4.29893e+03    2.27449e+04   -1.97086e+03   -2.44090e+05
   Coul. recip.      Potential    Kinetic En.   Total Energy  Conserved En.
    1.36610e+03   -2.15287e+05    3.84114e+04   -1.76876e+05   -1.73824e+05
    Temperature Pres. DC (bar) Pressure (bar)   Constr. rmsd
    3.04126e+02   -2.20654e+02   -1.58910e+02    3.27003e-06


DD  step 18499 load imb.: force  0.6%
           Step           Time
          18500       37.00000

   Energies (kJ/mol)
           Bond            U-B    Proper Dih.  Improper Dih.      CMAP Dih.
    2.60554e+02    7.50721e+02    9.19364e+02    6.24984e+01   -1.12413e+02
          LJ-14     Coulomb-14        LJ (SR)  Disper. corr.   Coulomb (SR)
    2.49608e+02    4.39157e+03    2.26451e+04   -1.99666e+03   -2.45319e+05
   Coul. recip.      Potential    Kinetic En.   Total Energy  Conserved En.
    1.33162e+03   -2.16817e+05    3.76873e+04   -1.79129e+05   -1.73821e+05
    Temperature Pres. DC (bar) Pressure (bar)   Constr. rmsd
    2.98393e+02   -2.26461e+02    2.23382e+01    2.62374e-06


DD  step 18999 load imb.: force  0.5%
           Step           Time
          19000       38.00000

   Energies (kJ/mol)
           Bond            U-B    Proper Dih.  Improper Dih.      CMAP Dih.
    3.10377e+02    7.73418e+02    9.71859e+02    4.70211e+01   -1.21638e+02
          LJ-14     Coulomb-14        LJ (SR)  Disper. corr.   Coulomb (SR)
    2.72977e+02    4.40616e+03    2.29886e+04   -1.97338e+03   -2.44097e+05
   Coul. recip.      Potential    Kinetic En.   Total Energy  Conserved En.
    1.35556e+03   -2.15066e+05    3.73496e+04   -1.77717e+05   -1.73807e+05
    Temperature Pres. DC (bar) Pressure (bar)   Constr. rmsd
    2.95720e+02   -2.21217e+02    3.67662e+01    3.48251e-06


DD  step 19499 load imb.: force  0.3%
           Step           Time
          19500       39.00000

   Energies (kJ/mol)
           Bond            U-B    Proper Dih.  Improper Dih.      CMAP Dih.
    2.61739e+02    7.76313e+02    9.21799e+02    4.73825e+01   -1.20507e+02
          LJ-14     Coulomb-14        LJ (SR)  Disper. corr.   Coulomb (SR)
    2.43265e+02    4.40313e+03    2.31260e+04   -1.99764e+03   -2.45454e+05
   Coul. recip.      Potential    Kinetic En.   Total Energy  Conserved En.
    1.35142e+03   -2.16441e+05    3.76097e+04   -1.78831e+05   -1.73803e+05
    Temperature Pres. DC (bar) Pressure (bar)   Constr. rmsd
    2.97779e+02   -2.26682e+02    2.44561e+02    2.49312e-06


DD  step 19999 load imb.: force  0.2%
           Step           Time
          20000       40.00000

   Energies (kJ/mol)
           Bond            U-B    Proper Dih.  Improper Dih.      CMAP Dih.
    2.51171e+02    8.20584e+02    9.07208e+02    5.38068e+01   -1.03671e+02
          LJ-14     Coulomb-14        LJ (SR)  Disper. corr.   Coulomb (SR)
    2.30701e+02    4.35438e+03    2.25532e+04   -1.98277e+03   -2.44996e+05
   Coul. recip.      Potential    Kinetic En.   Total Energy  Conserved En.
    1.34590e+03   -2.16566e+05    3.77133e+04   -1.78852e+05   -1.73805e+05
    Temperature Pres. DC (bar) Pressure (bar)   Constr. rmsd
    2.98599e+02   -2.23324e+02   -3.97163e+02    2.35226e-06


DD  step 20499 load imb.: force  0.3%
           Step           Time
          20500       41.00000

   Energies (kJ/mol)
           Bond            U-B    Proper Dih.  Improper Dih.      CMAP Dih.
    2.41607e+02    8.05602e+02    9.41422e+02    3.05591e+01   -1.19243e+02
          LJ-14     Coulomb-14        LJ (SR)  Disper. corr.   Coulomb (SR)
    2.57264e+02    4.39943e+03    2.21824e+04   -1.98991e+03   -2.43537e+05
   Coul. recip.      Potential    Kinetic En.   Total Energy  Conserved En.
    1.31523e+03   -2.15473e+05    3.76753e+04   -1.77798e+05   -1.73800e+05
    Temperature Pres. DC (bar) Pressure (bar)   Constr. rmsd
    2.98298e+02   -2.24933e+02   -2.28499e+02    2.95612e-06


DD  step 20999 load imb.: force  0.2%
           Step           Time
          21000       42.00000

   Energies (kJ/mol)
           Bond            U-B    Proper Dih.  Improper Dih.      CMAP Dih.
    2.14656e+02    8.59297e+02    9.33767e+02    4.10266e+01   -1.24298e+02
          LJ-14     Coulomb-14        LJ (SR)  Disper. corr.   Coulomb (SR)
    2.55972e+02    4.33023e+03    2.23656e+04   -1.98476e+03   -2.44536e+05
   Coul. recip.      Potential    Kinetic En.   Total Energy  Conserved En.
    1.29825e+03   -2.16346e+05    3.78219e+04   -1.78524e+05   -1.73804e+05
    Temperature Pres. DC (bar) Pressure (bar)   Constr. rmsd
    2.99459e+02   -2.23774e+02   -1.62480e+02    2.45369e-06


DD  step 21499 load imb.: force  0.3%
           Step           Time
          21500       43.00000

   Energies (kJ/mol)
           Bond            U-B    Proper Dih.  Improper Dih.      CMAP Dih.
    2.60370e+02    8.33424e+02    9.52848e+02    5.21249e+01   -1.22491e+02
          LJ-14     Coulomb-14        LJ (SR)  Disper. corr.   Coulomb (SR)
    2.57026e+02    4.31848e+03    2.27163e+04   -1.98368e+03   -2.44536e+05
   Coul. recip.      Potential    Kinetic En.   Total Energy  Conserved En.
    1.33613e+03   -2.15916e+05    3.82505e+04   -1.77665e+05   -1.73792e+05
    Temperature Pres. DC (bar) Pressure (bar)   Constr. rmsd
    3.02853e+02   -2.23529e+02   -7.08435e+01    3.64322e-06


DD  step 21999 load imb.: force  0.7%
           Step           Time
          22000       44.00000

   Energies (kJ/mol)
           Bond            U-B    Proper Dih.  Improper Dih.      CMAP Dih.
    2.66492e+02    8.02697e+02    9.12853e+02    4.27055e+01   -9.77536e+01
          LJ-14     Coulomb-14        LJ (SR)  Disper. corr.   Coulomb (SR)
    2.29677e+02    4.34826e+03    2.32481e+04   -1.97702e+03   -2.44815e+05
   Coul. recip.      Potential    Kinetic En.   Total Energy  Conserved En.
    1.36445e+03   -2.15674e+05    3.75446e+04   -1.78130e+05   -1.73782e+05
    Temperature Pres. DC (bar) Pressure (bar)   Constr. rmsd
    2.97263e+02   -2.22032e+02    7.43173e+01    2.96766e-06


DD  step 22499 load imb.: force  0.5%
           Step           Time
          22500       45.00000

   Energies (kJ/mol)
           Bond            U-B    Proper Dih.  Improper Dih.      CMAP Dih.
    2.66830e+02    8.77368e+02    9.28768e+02    5.40825e+01   -1.05409e+02
          LJ-14     Coulomb-14        LJ (SR)  Disper. corr.   Coulomb (SR)
    2.58513e+02    4.33781e+03    2.22476e+04   -1.98071e+03   -2.43899e+05
   Coul. recip.      Potential    Kinetic En.   Total Energy  Conserved En.
    1.28284e+03   -2.15732e+05    3.81195e+04   -1.77612e+05   -1.73774e+05
    Temperature Pres. DC (bar) Pressure (bar)   Constr. rmsd
    3.01815e+02   -2.22861e+02   -1.79306e+02    2.72643e-06


DD  step 22999 load imb.: force  1.0%
           Step           Time
          23000       46.00000

   Energies (kJ/mol)
           Bond            U-B    Proper Dih.  Improper Dih.      CMAP Dih.
    3.04796e+02    8.32120e+02    9.39813e+02    4.12009e+01   -1.23788e+02
          LJ-14     Coulomb-14        LJ (SR)  Disper. corr.   Coulomb (SR)
    2.29588e+02    4.36732e+03    2.28933e+04   -1.97257e+03   -2.44512e+05
   Coul. recip.      Potential    Kinetic En.   Total Energy  Conserved En.
    1.29429e+03   -2.15706e+05    3.78575e+04   -1.77848e+05   -1.73778e+05
    Temperature Pres. DC (bar) Pressure (bar)   Constr. rmsd
    2.99740e+02   -2.21035e+02   -2.72564e+02    2.18366e-06


DD  step 23499 load imb.: force  0.3%
           Step           Time
          23500       47.00000

   Energies (kJ/mol)
           Bond            U-B    Proper Dih.  Improper Dih.      CMAP Dih.
    2.76504e+02    7.39891e+02    9.51580e+02    4.20524e+01   -1.15989e+02
          LJ-14     Coulomb-14        LJ (SR)  Disper. corr.   Coulomb (SR)
    2.48691e+02    4.44006e+03    2.25179e+04   -1.99041e+03   -2.44450e+05
   Coul. recip.      Potential    Kinetic En.   Total Energy  Conserved En.
    1.27261e+03   -2.16067e+05    3.74758e+04   -1.78592e+05   -1.73776e+05
    Temperature Pres. DC (bar) Pressure (bar)   Constr. rmsd
    2.96719e+02   -2.25047e+02   -1.11687e+02    2.51589e-06


DD  step 23999 load imb.: force  0.5%
           Step           Time
          24000       48.00000

   Energies (kJ/mol)
           Bond            U-B    Proper Dih.  Improper Dih.      CMAP Dih.
    2.56572e+02    8.34571e+02    9.46657e+02    2.86383e+01   -1.05538e+02
          LJ-14     Coulomb-14        LJ (SR)  Disper. corr.   Coulomb (SR)
    2.57296e+02    4.37958e+03    2.25261e+04   -1.96634e+03   -2.44018e+05
   Coul. recip.      Potential    Kinetic En.   Total Energy  Conserved En.
    1.31824e+03   -2.15543e+05    3.75048e+04   -1.78038e+05   -1.73767e+05
    Temperature Pres. DC (bar) Pressure (bar)   Constr. rmsd
    2.96948e+02   -2.19642e+02   -1.94035e+02    2.32142e-06


DD  step 24499 load imb.: force  0.4%
           Step           Time
          24500       49.00000

   Energies (kJ/mol)
           Bond            U-B    Proper Dih.  Improper Dih.      CMAP Dih.
    2.76709e+02    8.70969e+02    9.40291e+02    4.35216e+01   -1.06943e+02
          LJ-14     Coulomb-14        LJ (SR)  Disper. corr.   Coulomb (SR)
    2.23271e+02    4.40164e+03    2.31596e+04   -1.98679e+03   -2.44847e+05
   Coul. recip.      Potential    Kinetic En.   Total Energy  Conserved En.
    1.28347e+03   -2.15742e+05    3.79892e+04   -1.77752e+05   -1.73762e+05
    Temperature Pres. DC (bar) Pressure (bar)   Constr. rmsd
    3.00783e+02   -2.24230e+02    6.16471e+01    2.63147e-06


DD  step 24999 load imb.: force  0.1%
           Step           Time
          25000       50.00000

   Energies (kJ/mol)
           Bond            U-B    Proper Dih.  Improper Dih.      CMAP Dih.
    3.47101e+02    9.13558e+02    9.54786e+02    5.91644e+01   -1.03232e+02
          LJ-14     Coulomb-14        LJ (SR)  Disper. corr.   Coulomb (SR)
    2.47878e+02    4.33782e+03    2.21146e+04   -1.98212e+03   -2.43021e+05
   Coul. recip.      Potential    Kinetic En.   Total Energy  Conserved En.
    1.35011e+03   -2.14781e+05    3.79708e+04   -1.76811e+05   -1.73756e+05
    Temperature Pres. DC (bar) Pressure (bar)   Constr. rmsd
    3.00637e+02   -2.23179e+02   -3.22934e+02    2.93909e-06


DD  step 25499 load imb.: force  0.4%
           Step           Time
          25500       51.00000

   Energies (kJ/mol)
           Bond            U-B    Proper Dih.  Improper Dih.      CMAP Dih.
    3.02973e+02    8.10897e+02    9.38440e+02    6.87413e+01   -1.20675e+02
          LJ-14     Coulomb-14        LJ (SR)  Disper. corr.   Coulomb (SR)
    2.66515e+02    4.37694e+03    2.25922e+04   -1.97201e+03   -2.44195e+05
   Coul. recip.      Potential    Kinetic En.   Total Energy  Conserved En.
    1.32562e+03   -2.15605e+05    3.81784e+04   -1.77427e+05   -1.73755e+05
    Temperature Pres. DC (bar) Pressure (bar)   Constr. rmsd
    3.02281e+02   -2.20910e+02   -9.48379e+01    3.06872e-06


DD  step 25999 load imb.: force  1.3%
           Step           Time
          26000       52.00000

   Energies (kJ/mol)
           Bond            U-B    Proper Dih.  Improper Dih.      CMAP Dih.
    2.39241e+02    8.03638e+02    9.17154e+02    5.59525e+01   -1.04768e+02
          LJ-14     Coulomb-14        LJ (SR)  Disper. corr.   Coulomb (SR)
    2.63352e+02    4.39579e+03    2.29173e+04   -1.97088e+03   -2.43948e+05
   Coul. recip.      Potential    Kinetic En.   Total Energy  Conserved En.
    1.31966e+03   -2.15112e+05    3.72347e+04   -1.77877e+05   -1.73750e+05
    Temperature Pres. DC (bar) Pressure (bar)   Constr. rmsd
    2.94810e+02   -2.20658e+02    6.34425e+01    3.22833e-06


DD  step 26499 load imb.: force  0.5%
           Step           Time
          26500       53.00000

   Energies (kJ/mol)
           Bond            U-B    Proper Dih.  Improper Dih.      CMAP Dih.
    2.85281e+02    8.06132e+02    9.59326e+02    4.54484e+01   -1.14655e+02
          LJ-14     Coulomb-14        LJ (SR)  Disper. corr.   Coulomb (SR)
    2.35545e+02    4.35415e+03    2.24461e+04   -1.97030e+03   -2.44038e+05
   Coul. recip.      Potential    Kinetic En.   Total Energy  Conserved En.
    1.32470e+03   -2.15666e+05    3.78627e+04   -1.77804e+05   -1.73748e+05
    Temperature Pres. DC (bar) Pressure (bar)   Constr. rmsd
    2.99782e+02   -2.20528e+02   -3.95786e+02    2.65105e-06


DD  step 26999 load imb.: force  0.0%
           Step           Time
          27000       54.00000

   Energies (kJ/mol)
           Bond            U-B    Proper Dih.  Improper Dih.      CMAP Dih.
    2.48797e+02    7.89249e+02    9.01435e+02    4.70642e+01   -1.06714e+02
          LJ-14     Coulomb-14        LJ (SR)  Disper. corr.   Coulomb (SR)
    2.50676e+02    4.32976e+03    2.27781e+04   -1.96921e+03   -2.44167e+05
   Coul. recip.      Potential    Kinetic En.   Total Energy  Conserved En.
    1.31903e+03   -2.15579e+05    3.79469e+04   -1.77632e+05   -1.73745e+05
    Temperature Pres. DC (bar) Pressure (bar)   Constr. rmsd
    3.00448e+02   -2.20285e+02   -1.46990e+02    2.80716e-06


DD  step 27499 load imb.: force  0.8%
           Step           Time
          27500       55.00000

   Energies (kJ/mol)
           Bond            U-B    Proper Dih.  Improper Dih.      CMAP Dih.
    3.25291e+02    7.81660e+02    9.18169e+02    4.76703e+01   -1.11814e+02
          LJ-14     Coulomb-14        LJ (SR)  Disper. corr.   Coulomb (SR)
    2.38390e+02    4.38117e+03    2.36609e+04   -1.97577e+03   -2.45092e+05
   Coul. recip.      Potential    Kinetic En.   Total Energy  Conserved En.
    1.34793e+03   -2.15478e+05    3.78715e+04   -1.77607e+05   -1.73738e+05
    Temperature Pres. DC (bar) Pressure (bar)   Constr. rmsd
    2.99851e+02   -2.21753e+02    2.19243e+02    2.30669e-06


DD  step 27999 load imb.: force  0.5%
           Step           Time
          28000       56.00000

   Energies (kJ/mol)
           Bond            U-B    Proper Dih.  Improper Dih.      CMAP Dih.
    2.53392e+02    8.19871e+02    9.84502e+02    6.39767e+01   -1.18169e+02
          LJ-14     Coulomb-14        LJ (SR)  Disper. corr.   Coulomb (SR)
    2.62755e+02    4.44029e+03    2.27086e+04   -1.98107e+03   -2.44458e+05
   Coul. recip.      Potential    Kinetic En.   Total Energy  Conserved En.
    1.32269e+03   -2.15701e+05    3.79076e+04   -1.77793e+05   -1.73734e+05
    Temperature Pres. DC (bar) Pressure (bar)   Constr. rmsd
    3.00137e+02   -2.22942e+02   -6.87666e+01    3.30063e-06


DD  step 28499 load imb.: force  0.2%
           Step           Time
          28500       57.00000

   Energies (kJ/mol)
           Bond            U-B    Proper Dih.  Improper Dih.      CMAP Dih.
    2.71024e+02    7.98772e+02    9.21140e+02    4.90917e+01   -1.12552e+02
          LJ-14     Coulomb-14        LJ (SR)  Disper. corr.   Coulomb (SR)
    2.46036e+02    4.38319e+03    2.34791e+04   -1.97338e+03   -2.45746e+05
   Coul. recip.      Potential    Kinetic En.   Total Energy  Conserved En.
    1.27754e+03   -2.16406e+05    3.81972e+04   -1.78209e+05   -1.73732e+05
    Temperature Pres. DC (bar) Pressure (bar)   Constr. rmsd
    3.02430e+02   -2.21216e+02    5.15860e+01    2.82046e-06


DD  step 28999 load imb.: force  0.7%
           Step           Time
          29000       58.00000

   Energies (kJ/mol)
           Bond            U-B    Proper Dih.  Improper Dih.      CMAP Dih.
    3.44764e+02    8.17772e+02    9.20276e+02    3.56399e+01   -1.09632e+02
          LJ-14     Coulomb-14        LJ (SR)  Disper. corr.   Coulomb (SR)
    2.36366e+02    4.26280e+03    2.36109e+04   -1.98644e+03   -2.45063e+05
   Coul. recip.      Potential    Kinetic En.   Total Energy  Conserved En.
    1.30331e+03   -2.15628e+05    3.79546e+04   -1.77673e+05   -1.73722e+05
    Temperature Pres. DC (bar) Pressure (bar)   Constr. rmsd
    3.00509e+02   -2.24151e+02    2.98076e+02    3.07555e-06


DD  step 29499 load imb.: force  0.1%
           Step           Time
          29500       59.00000

   Energies (kJ/mol)
           Bond            U-B    Proper Dih.  Improper Dih.      CMAP Dih.
    2.41147e+02    7.02121e+02    9.55389e+02    5.04450e+01   -1.18581e+02
          LJ-14     Coulomb-14        LJ (SR)  Disper. corr.   Coulomb (SR)
    2.71079e+02    4.39250e+03    2.34569e+04   -1.97831e+03   -2.45380e+05
   Coul. recip.      Potential    Kinetic En.   Total Energy  Conserved En.
    1.31507e+03   -2.16093e+05    3.74160e+04   -1.78677e+05   -1.73730e+05
    Temperature Pres. DC (bar) Pressure (bar)   Constr. rmsd
    2.96245e+02   -2.22321e+02    2.48845e+02    3.15362e-06


DD  step 29999 load imb.: force  1.3%
           Step           Time
          30000       60.00000

   Energies (kJ/mol)
           Bond            U-B    Proper Dih.  Improper Dih.      CMAP Dih.
    2.43372e+02    8.31625e+02    9.36309e+02    6.88378e+01   -1.00517e+02
          LJ-14     Coulomb-14        LJ (SR)  Disper. corr.   Coulomb (SR)
    2.57173e+02    4.36454e+03    2.32687e+04   -1.97747e+03   -2.45183e+05
   Coul. recip.      Potential    Kinetic En.   Total Energy  Conserved En.
    1.29583e+03   -2.15994e+05    3.78401e+04   -1.78154e+05   -1.73723e+05
    Temperature Pres. DC (bar) Pressure (bar)   Constr. rmsd
    2.99603e+02   -2.22134e+02    7.05353e+01    3.07490e-06


DD  step 30499 load imb.: force  1.5%
           Step           Time
          30500       61.00000

   Energies (kJ/mol)
           Bond            U-B    Proper Dih.  Improper Dih.      CMAP Dih.
    2.68003e+02    8.28600e+02    9.64147e+02    5.15108e+01   -1.15275e+02
          LJ-14     Coulomb-14        LJ (SR)  Disper. corr.   Coulomb (SR)
    2.56591e+02    4.32191e+03    2.19063e+04   -1.98543e+03   -2.43662e+05
   Coul. recip.      Potential    Kinetic En.   Total Energy  Conserved En.
    1.32500e+03   -2.15841e+05    3.77567e+04   -1.78084e+05   -1.73725e+05
    Temperature Pres. DC (bar) Pressure (bar)   Constr. rmsd
    2.98943e+02   -2.23923e+02   -3.40732e+02    3.37200e-06


DD  step 30999 load imb.: force  0.3%
           Step           Time
          31000       62.00000

   Energies (kJ/mol)
           Bond            U-B    Proper Dih.  Improper Dih.      CMAP Dih.
    2.92874e+02    8.12711e+02    9.07199e+02    5.42512e+01   -1.09727e+02
          LJ-14     Coulomb-14        LJ (SR)  Disper. corr.   Coulomb (SR)
    2.36278e+02    4.42668e+03    2.23936e+04   -1.97252e+03   -2.43546e+05
   Coul. recip.      Potential    Kinetic En.   Total Energy  Conserved En.
    1.35437e+03   -2.15150e+05    3.77207e+04   -1.77430e+05   -1.73718e+05
    Temperature Pres. DC (bar) Pressure (bar)   Constr. rmsd
    2.98658e+02   -2.21025e+02   -1.08936e+02    2.77369e-06


DD  step 31499 load imb.: force  8.3%
           Step           Time
          31500       63.00000

   Energies (kJ/mol)
           Bond            U-B    Proper Dih.  Improper Dih.      CMAP Dih.
    2.88118e+02    8.55195e+02    9.36988e+02    2.73669e+01   -1.32068e+02
          LJ-14     Coulomb-14        LJ (SR)  Disper. corr.   Coulomb (SR)
    2.60266e+02    4.36423e+03    2.33747e+04   -1.98182e+03   -2.44867e+05
   Coul. recip.      Potential    Kinetic En.   Total Energy  Conserved En.
    1.26169e+03   -2.15612e+05    3.80229e+04   -1.77589e+05   -1.73713e+05
    Temperature Pres. DC (bar) Pressure (bar)   Constr. rmsd
    3.01050e+02   -2.23112e+02    2.06291e+02    2.30501e-06


DD  step 31999 load imb.: force  1.3%
           Step           Time
          32000       64.00000

   Energies (kJ/mol)
           Bond            U-B    Proper Dih.  Improper Dih.      CMAP Dih.
    2.46572e+02    9.12049e+02    9.34075e+02    5.89191e+01   -1.15441e+02
          LJ-14     Coulomb-14        LJ (SR)  Disper. corr.   Coulomb (SR)
    2.52305e+02    4.34565e+03    2.30138e+04   -1.98625e+03   -2.44705e+05
   Coul. recip.      Potential    Kinetic En.   Total Energy  Conserved En.
    1.30199e+03   -2.15741e+05    3.78949e+04   -1.77846e+05   -1.73708e+05
    Temperature Pres. DC (bar) Pressure (bar)   Constr. rmsd
    3.00037e+02   -2.24109e+02    2.13308e+02    2.95363e-06


DD  step 32499 load imb.: force  1.4%
           Step           Time
          32500       65.00000

   Energies (kJ/mol)
           Bond            U-B    Proper Dih.  Improper Dih.      CMAP Dih.
    2.54971e+02    8.52359e+02    9.23119e+02    4.21282e+01   -1.21176e+02
          LJ-14     Coulomb-14        LJ (SR)  Disper. corr.   Coulomb (SR)
    2.42738e+02    4.32518e+03    2.30893e+04   -1.97954e+03   -2.44760e+05
   Coul. recip.      Potential    Kinetic En.   Total Energy  Conserved En.
    1.36428e+03   -2.15766e+05    3.77111e+04   -1.78055e+05   -1.73708e+05
    Temperature Pres. DC (bar) Pressure (bar)   Constr. rmsd
    2.98582e+02   -2.22598e+02    1.01626e+02    3.18435e-06


DD  step 32999 load imb.: force  0.4%
           Step           Time
          33000       66.00000

   Energies (kJ/mol)
           Bond            U-B    Proper Dih.  Improper Dih.      CMAP Dih.
    2.87430e+02    8.98478e+02    9.21415e+02    5.02455e+01   -1.13023e+02
          LJ-14     Coulomb-14        LJ (SR)  Disper. corr.   Coulomb (SR)
    2.52680e+02    4.37296e+03    2.20464e+04   -1.99052e+03   -2.44224e+05
   Coul. recip.      Potential    Kinetic En.   Total Energy  Conserved En.
    1.32567e+03   -2.16172e+05    3.82050e+04   -1.77967e+05   -1.73696e+05
    Temperature Pres. DC (bar) Pressure (bar)   Constr. rmsd
    3.02492e+02   -2.25072e+02   -3.14787e+02    2.29069e-06


DD  step 33499 load imb.: force  1.1%
           Step           Time
          33500       67.00000

   Energies (kJ/mol)
           Bond            U-B    Proper Dih.  Improper Dih.      CMAP Dih.
    2.45509e+02    6.90969e+02    9.27230e+02    4.28781e+01   -1.00972e+02
          LJ-14     Coulomb-14        LJ (SR)  Disper. corr.   Coulomb (SR)
    2.75646e+02    4.43040e+03    2.35426e+04   -1.98380e+03   -2.45840e+05
   Coul. recip.      Potential    Kinetic En.   Total Energy  Conserved En.
    1.33634e+03   -2.16433e+05    3.71765e+04   -1.79257e+05   -1.73702e+05
    Temperature Pres. DC (bar) Pressure (bar)   Constr. rmsd
    2.94349e+02   -2.23556e+02    1.99609e+02    3.20878e-06


DD  step 33999 load imb.: force  0.6%
           Step           Time
          34000       68.00000

   Energies (kJ/mol)
           Bond            U-B    Proper Dih.  Improper Dih.      CMAP Dih.
    3.13953e+02    8.12715e+02    9.22240e+02    5.21189e+01   -1.13827e+02
          LJ-14     Coulomb-14        LJ (SR)  Disper. corr.   Coulomb (SR)
    2.49862e+02    4.42589e+03    2.21054e+04   -1.98235e+03   -2.43865e+05
   Coul. recip.      Potential    Kinetic En.   Total Energy  Conserved En.
    1.30178e+03   -2.15777e+05    3.78692e+04   -1.77908e+05   -1.73693e+05
    Temperature Pres. DC (bar) Pressure (bar)   Constr. rmsd
    2.99833e+02   -2.23230e+02   -2.75037e+02    2.68409e-06


DD  step 34499 load imb.: force  0.2%
           Step           Time
          34500       69.00000

   Energies (kJ/mol)
           Bond            U-B    Proper Dih.  Improper Dih.      CMAP Dih.
    2.50514e+02    7.88326e+02    9.19753e+02    6.05072e+01   -1.22254e+02
          LJ-14     Coulomb-14        LJ (SR)  Disper. corr.   Coulomb (SR)
    2.24147e+02    4.33199e+03    2.25087e+04   -1.98772e+03   -2.45045e+05
   Coul. recip.      Potential    Kinetic En.   Total Energy  Conserved En.
    1.24489e+03   -2.16826e+05    3.76071e+04   -1.79219e+05   -1.73703e+05
    Temperature Pres. DC (bar) Pressure (bar)   Constr. rmsd
    2.97758e+02   -2.24440e+02   -2.45920e+02    3.14059e-06


DD  step 34999 load imb.: force  1.6%
           Step           Time
          35000       70.00000

   Energies (kJ/mol)
           Bond            U-B    Proper Dih.  Improper Dih.      CMAP Dih.
    2.95309e+02    8.22794e+02    8.94689e+02    4.72099e+01   -1.10169e+02
          LJ-14     Coulomb-14        LJ (SR)  Disper. corr.   Coulomb (SR)
    2.51386e+02    4.39548e+03    2.18148e+04   -1.97587e+03   -2.43360e+05
   Coul. recip.      Potential    Kinetic En.   Total Energy  Conserved En.
    1.30192e+03   -2.15622e+05    3.79721e+04   -1.77650e+05   -1.73694e+05
    Temperature Pres. DC (bar) Pressure (bar)   Constr. rmsd
    3.00648e+02   -2.21776e+02   -3.86084e+02    5.12398e-06


DD  step 35499 load imb.: force  0.2%
           Step           Time
          35500       71.00000

   Energies (kJ/mol)
           Bond            U-B    Proper Dih.  Improper Dih.      CMAP Dih.
    2.70560e+02    7.27426e+02    9.05278e+02    4.98365e+01   -8.51716e+01
          LJ-14     Coulomb-14        LJ (SR)  Disper. corr.   Coulomb (SR)
    2.49581e+02    4.49528e+03    2.30425e+04   -1.97654e+03   -2.45337e+05
   Coul. recip.      Potential    Kinetic En.   Total Energy  Conserved En.
    1.26127e+03   -2.16397e+05    3.80693e+04   -1.78328e+05   -1.73700e+05
    Temperature Pres. DC (bar) Pressure (bar)   Constr. rmsd
    3.01418e+02   -2.21926e+02   -8.29808e+01    2.73710e-06


DD  step 35999 load imb.: force  0.1%
           Step           Time
          36000       72.00000

   Energies (kJ/mol)
           Bond            U-B    Proper Dih.  Improper Dih.      CMAP Dih.
    2.52211e+02    8.67075e+02    9.38579e+02    5.22207e+01   -1.08407e+02
          LJ-14     Coulomb-14        LJ (SR)  Disper. corr.   Coulomb (SR)
    2.41536e+02    4.49152e+03    2.36717e+04   -1.97494e+03   -2.45160e+05
   Coul. recip.      Potential    Kinetic En.   Total Energy  Conserved En.
    1.31262e+03   -2.15416e+05    3.80349e+04   -1.77381e+05   -1.73677e+05
    Temperature Pres. DC (bar) Pressure (bar)   Constr. rmsd
    3.01145e+02   -2.21566e+02    3.09448e+02    3.14853e-06


DD  step 36499 load imb.: force  0.0%
           Step           Time
          36500       73.00000

   Energies (kJ/mol)
           Bond            U-B    Proper Dih.  Improper Dih.      CMAP Dih.
    3.01387e+02    6.92156e+02    9.31486e+02    5.89202e+01   -1.01580e+02
          LJ-14     Coulomb-14        LJ (SR)  Disper. corr.   Coulomb (SR)
    2.41033e+02    4.48526e+03    2.37879e+04   -1.98512e+03   -2.46040e+05
   Coul. recip.      Potential    Kinetic En.   Total Energy  Conserved En.
    1.36748e+03   -2.16261e+05    3.79573e+04   -1.78303e+05   -1.73693e+05
    Temperature Pres. DC (bar) Pressure (bar)   Constr. rmsd
    3.00531e+02   -2.23853e+02    3.87231e+02    2.15978e-06


DD  step 36999 load imb.: force  0.3%
           Step           Time
          37000       74.00000

   Energies (kJ/mol)
           Bond            U-B    Proper Dih.  Improper Dih.      CMAP Dih.
    2.54616e+02    8.11442e+02    9.31276e+02    4.01576e+01   -9.04756e+01
          LJ-14     Coulomb-14        LJ (SR)  Disper. corr.   Coulomb (SR)
    2.58311e+02    4.44545e+03    2.24775e+04   -1.96690e+03   -2.44272e+05
   Coul. recip.      Potential    Kinetic En.   Total Energy  Conserved En.
    1.32338e+03   -2.15787e+05    3.74679e+04   -1.78319e+05   -1.73680e+05
    Temperature Pres. DC (bar) Pressure (bar)   Constr. rmsd
    2.96656e+02   -2.19768e+02   -2.27746e+02    2.51060e-06


DD  step 37499 load imb.: force  0.2%
           Step           Time
          37500       75.00000

   Energies (kJ/mol)
           Bond            U-B    Proper Dih.  Improper Dih.      CMAP Dih.
    3.00900e+02    8.55662e+02    9.10440e+02    5.31204e+01   -8.63168e+01
          LJ-14     Coulomb-14        LJ (SR)  Disper. corr.   Coulomb (SR)
    2.41705e+02    4.44658e+03    2.28309e+04   -1.98216e+03   -2.44890e+05
   Coul. recip.      Potential    Kinetic En.   Total Energy  Conserved En.
    1.30827e+03   -2.16011e+05    3.84219e+04   -1.77589e+05   -1.73669e+05
    Temperature Pres. DC (bar) Pressure (bar)   Constr. rmsd
    3.04210e+02   -2.23187e+02   -1.15814e-02    2.53977e-06


DD  step 37999 load imb.: force  0.4%
           Step           Time
          38000       76.00000

   Energies (kJ/mol)
           Bond            U-B    Proper Dih.  Improper Dih.      CMAP Dih.
    2.66266e+02    8.59235e+02    9.15286e+02    3.20258e+01   -7.70587e+01
          LJ-14     Coulomb-14        LJ (SR)  Disper. corr.   Coulomb (SR)
    2.59756e+02    4.41876e+03    2.27820e+04   -1.97156e+03   -2.44150e+05
   Coul. recip.      Potential    Kinetic En.   Total Energy  Conserved En.
    1.30412e+03   -2.15361e+05    3.81386e+04   -1.77223e+05   -1.73679e+05
    Temperature Pres. DC (bar) Pressure (bar)   Constr. rmsd
    3.01967e+02   -2.20809e+02    5.10197e+01    3.70712e-06


DD  step 38499 load imb.: force  0.2%
           Step           Time
          38500       77.00000

   Energies (kJ/mol)
           Bond            U-B    Proper Dih.  Improper Dih.      CMAP Dih.
    2.87239e+02    8.09203e+02    9.41393e+02    4.45306e+01   -9.39574e+01
          LJ-14     Coulomb-14        LJ (SR)  Disper. corr.   Coulomb (SR)
    2.34640e+02    4.49149e+03    2.26207e+04   -1.97201e+03   -2.44029e+05
   Coul. recip.      Potential    Kinetic En.   Total Energy  Conserved En.
    1.28076e+03   -2.15385e+05    3.81111e+04   -1.77274e+05   -1.73668e+05
    Temperature Pres. DC (bar) Pressure (bar)   Constr. rmsd
    3.01749e+02   -2.20910e+02   -1.10555e+02    3.18534e-06


DD  step 38999 load imb.: force  0.5%
           Step           Time
          39000       78.00000

   Energies (kJ/mol)
           Bond            U-B    Proper Dih.  Improper Dih.      CMAP Dih.
    2.33210e+02    8.73427e+02    9.43602e+02    4.52993e+01   -8.75960e+01
          LJ-14     Coulomb-14        LJ (SR)  Disper. corr.   Coulomb (SR)
    2.47915e+02    4.49558e+03    2.28779e+04   -1.98356e+03   -2.44368e+05
   Coul. recip.      Potential    Kinetic En.   Total Energy  Conserved En.
    1.35348e+03   -2.15369e+05    3.72904e+04   -1.78079e+05   -1.73654e+05
    Temperature Pres. DC (bar) Pressure (bar)   Constr. rmsd
    2.95250e+02   -2.23502e+02    1.36536e+02    2.92199e-06


DD  step 39499 load imb.: force  0.6%
           Step           Time
          39500       79.00000

   Energies (kJ/mol)
           Bond            U-B    Proper Dih.  Improper Dih.      CMAP Dih.
    2.37550e+02    8.23370e+02    9.55511e+02    4.00686e+01   -9.83832e+01
          LJ-14     Coulomb-14        LJ (SR)  Disper. corr.   Coulomb (SR)
    2.52111e+02    4.37925e+03    2.32057e+04   -1.98239e+03   -2.44687e+05
   Coul. recip.      Potential    Kinetic En.   Total Energy  Conserved En.
    1.30321e+03   -2.15572e+05    3.76768e+04   -1.77895e+05   -1.73653e+05
    Temperature Pres. DC (bar) Pressure (bar)   Constr. rmsd
    2.98310e+02   -2.23240e+02    2.41657e+02    2.88769e-06


DD  step 39999 load imb.: force  1.8%
           Step           Time
          40000       80.00000

   Energies (kJ/mol)
           Bond            U-B    Proper Dih.  Improper Dih.      CMAP Dih.
    3.14142e+02    8.09023e+02    9.59858e+02    5.03403e+01   -1.05691e+02
          LJ-14     Coulomb-14        LJ (SR)  Disper. corr.   Coulomb (SR)
    2.19622e+02    4.41837e+03    2.29085e+04   -1.99043e+03   -2.43907e+05
   Coul. recip.      Potential    Kinetic En.   Total Energy  Conserved En.
    1.30087e+03   -2.15023e+05    3.72929e+04   -1.77730e+05   -1.73651e+05
    Temperature Pres. DC (bar) Pressure (bar)   Constr. rmsd
    2.95271e+02   -2.25052e+02    1.03422e+02    3.27899e-06


DD  step 40499 load imb.: force  0.2%
           Step           Time
          40500       81.00000

   Energies (kJ/mol)
           Bond            U-B    Proper Dih.  Improper Dih.      CMAP Dih.
    2.55621e+02    7.95752e+02    9.43701e+02    5.96776e+01   -1.06563e+02
          LJ-14     Coulomb-14        LJ (SR)  Disper. corr.   Coulomb (SR)
    2.67717e+02    4.44406e+03    2.26540e+04   -1.97646e+03   -2.43617e+05
   Coul. recip.      Potential    Kinetic En.   Total Energy  Conserved En.
    1.26341e+03   -2.15016e+05    3.78609e+04   -1.77155e+05   -1.73647e+05
    Temperature Pres. DC (bar) Pressure (bar)   Constr. rmsd
    2.99768e+02   -2.21906e+02    1.42228e+02    3.38938e-06


DD  step 40999 load imb.: force  1.0%
           Step           Time
          41000       82.00000

   Energies (kJ/mol)
           Bond            U-B    Proper Dih.  Improper Dih.      CMAP Dih.
    2.60278e+02    7.83941e+02    9.56863e+02    4.95513e+01   -1.22932e+02
          LJ-14     Coulomb-14        LJ (SR)  Disper. corr.   Coulomb (SR)
    2.41801e+02    4.48804e+03    2.32097e+04   -1.97491e+03   -2.44844e+05
   Coul. recip.      Potential    Kinetic En.   Total Energy  Conserved En.
    1.25313e+03   -2.15698e+05    3.79549e+04   -1.77743e+05   -1.73645e+05
    Temperature Pres. DC (bar) Pressure (bar)   Constr. rmsd
    3.00512e+02   -2.21561e+02    2.75959e+02    3.08986e-06


DD  step 41499 load imb.: force  2.2%
           Step           Time
          41500       83.00000

   Energies (kJ/mol)
           Bond            U-B    Proper Dih.  Improper Dih.      CMAP Dih.
    2.74870e+02    8.53970e+02    8.93368e+02    5.45492e+01   -9.64534e+01
          LJ-14     Coulomb-14        LJ (SR)  Disper. corr.   Coulomb (SR)
    2.29438e+02    4.45954e+03    2.24433e+04   -1.96396e+03   -2.43251e+05
   Coul. recip.      Potential    Kinetic En.   Total Energy  Conserved En.
    1.34436e+03   -2.14758e+05    3.75336e+04   -1.77225e+05   -1.73635e+05
    Temperature Pres. DC (bar) Pressure (bar)   Constr. rmsd
    2.97176e+02   -2.19112e+02   -2.07756e+02    2.57291e-06


DD  step 41999 load imb.: force  0.6%
           Step           Time
          42000       84.00000

   Energies (kJ/mol)
           Bond            U-B    Proper Dih.  Improper Dih.      CMAP Dih.
    2.79843e+02    8.20294e+02    9.32782e+02    6.22077e+01   -1.20551e+02
          LJ-14     Coulomb-14        LJ (SR)  Disper. corr.   Coulomb (SR)
    2.51838e+02    4.42926e+03    2.29159e+04   -1.97859e+03   -2.43978e+05
   Coul. recip.      Potential    Kinetic En.   Total Energy  Conserved En.
    1.28347e+03   -2.15102e+05    3.82549e+04   -1.76847e+05   -1.73637e+05
    Temperature Pres. DC (bar) Pressure (bar)   Constr. rmsd
    3.02887e+02   -2.22385e+02    1.08702e+02    3.33012e-06


DD  step 42499 load imb.: force  0.2%
           Step           Time
          42500       85.00000

   Energies (kJ/mol)
           Bond            U-B    Proper Dih.  Improper Dih.      CMAP Dih.
    2.41629e+02    8.75035e+02    9.89310e+02    4.07148e+01   -1.11287e+02
          LJ-14     Coulomb-14        LJ (SR)  Disper. corr.   Coulomb (SR)
    2.39069e+02    4.43196e+03    2.30485e+04   -1.98525e+03   -2.45146e+05
   Coul. recip.      Potential    Kinetic En.   Total Energy  Conserved En.
    1.25840e+03   -2.16118e+05    3.79793e+04   -1.78139e+05   -1.73640e+05
    Temperature Pres. DC (bar) Pressure (bar)   Constr. rmsd
    3.00705e+02   -2.23883e+02    1.03421e+02    2.95277e-06


DD  step 42999 load imb.: force  1.1%
           Step           Time
          43000       86.00000

   Energies (kJ/mol)
           Bond            U-B    Proper Dih.  Improper Dih.      CMAP Dih.
    2.63710e+02    7.83958e+02    9.62540e+02    4.97410e+01   -1.12810e+02
          LJ-14     Coulomb-14        LJ (SR)  Disper. corr.   Coulomb (SR)
    2.51364e+02    4.46842e+03    2.27299e+04   -1.99020e+03   -2.44584e+05
   Coul. recip.      Potential    Kinetic En.   Total Energy  Conserved En.
    1.26324e+03   -2.15915e+05    3.77341e+04   -1.78181e+05   -1.73629e+05
    Temperature Pres. DC (bar) Pressure (bar)   Constr. rmsd
    2.98763e+02   -2.24999e+02    6.79064e+01    2.70993e-06


DD  step 43499 load imb.: force  0.7%
           Step           Time
          43500       87.00000

   Energies (kJ/mol)
           Bond            U-B    Proper Dih.  Improper Dih.      CMAP Dih.
    2.35157e+02    9.23523e+02    9.44877e+02    6.56696e+01   -1.19629e+02
          LJ-14     Coulomb-14        LJ (SR)  Disper. corr.   Coulomb (SR)
    2.39046e+02    4.42930e+03    2.25844e+04   -1.97394e+03   -2.44003e+05
   Coul. recip.      Potential    Kinetic En.   Total Energy  Conserved En.
    1.35552e+03   -2.15319e+05    3.78575e+04   -1.77461e+05   -1.73617e+05
    Temperature Pres. DC (bar) Pressure (bar)   Constr. rmsd
    2.99741e+02   -2.21343e+02   -1.42907e+02    3.53248e-06


DD  step 43999 load imb.: force  0.0%
           Step           Time
          44000       88.00000

   Energies (kJ/mol)
           Bond            U-B    Proper Dih.  Improper Dih.      CMAP Dih.
    2.68417e+02    7.99549e+02    9.69094e+02    4.40723e+01   -9.09380e+01
          LJ-14     Coulomb-14        LJ (SR)  Disper. corr.   Coulomb (SR)
    2.47625e+02    4.41794e+03    2.20318e+04   -1.98489e+03   -2.43728e+05
   Coul. recip.      Potential    Kinetic En.   Total Energy  Conserved En.
    1.33830e+03   -2.15687e+05    3.75244e+04   -1.78162e+05   -1.73616e+05
    Temperature Pres. DC (bar) Pressure (bar)   Constr. rmsd
    2.97104e+02   -2.23802e+02   -2.49943e+02    2.47985e-06


DD  step 44499 load imb.: force  0.5%
           Step           Time
          44500       89.00000

   Energies (kJ/mol)
           Bond            U-B    Proper Dih.  Improper Dih.      CMAP Dih.
    3.01990e+02    7.77728e+02    9.18651e+02    5.47158e+01   -8.35905e+01
          LJ-14     Coulomb-14        LJ (SR)  Disper. corr.   Coulomb (SR)
    2.76115e+02    4.49089e+03    2.28046e+04   -1.99725e+03   -2.44606e+05
   Coul. recip.      Potential    Kinetic En.   Total Energy  Conserved En.
    1.26843e+03   -2.15794e+05    3.79901e+04   -1.77803e+05   -1.73605e+05
    Temperature Pres. DC (bar) Pressure (bar)   Constr. rmsd
    3.00791e+02   -2.26595e+02    2.66176e+02    2.94271e-06


DD  step 44999 load imb.: force  0.3%
           Step           Time
          45000       90.00000

   Energies (kJ/mol)
           Bond            U-B    Proper Dih.  Improper Dih.      CMAP Dih.
    2.55354e+02    8.08985e+02    9.19608e+02    4.23766e+01   -9.05702e+01
          LJ-14     Coulomb-14        LJ (SR)  Disper. corr.   Coulomb (SR)
    2.78241e+02    4.39618e+03    2.27144e+04   -1.96440e+03   -2.44333e+05
   Coul. recip.      Potential    Kinetic En.   Total Energy  Conserved En.
    1.34731e+03   -2.15625e+05    3.78956e+04   -1.77730e+05   -1.73611e+05
    Temperature Pres. DC (bar) Pressure (bar)   Constr. rmsd
    3.00042e+02   -2.19210e+02   -2.17402e+02    2.63076e-06


DD  step 45499 load imb.: force  0.4%
           Step           Time
          45500       91.00000

   Energies (kJ/mol)
           Bond            U-B    Proper Dih.  Improper Dih.      CMAP Dih.
    2.74860e+02    8.04067e+02    9.14283e+02    3.63759e+01   -1.00013e+02
          LJ-14     Coulomb-14        LJ (SR)  Disper. corr.   Coulomb (SR)
    2.54751e+02    4.44783e+03    2.25217e+04   -1.98535e+03   -2.45008e+05
   Coul. recip.      Potential    Kinetic En.   Total Energy  Conserved En.
    1.29811e+03   -2.16541e+05    3.78382e+04   -1.78703e+05   -1.73603e+05
    Temperature Pres. DC (bar) Pressure (bar)   Constr. rmsd
    2.99588e+02   -2.23906e+02   -9.09750e+01    2.89114e-06


DD  step 45999 load imb.: force  0.9%
           Step           Time
          46000       92.00000

   Energies (kJ/mol)
           Bond            U-B    Proper Dih.  Improper Dih.      CMAP Dih.
    3.09650e+02    8.06907e+02    9.74640e+02    5.83413e+01   -9.93293e+01
          LJ-14     Coulomb-14        LJ (SR)  Disper. corr.   Coulomb (SR)
    2.27653e+02    4.40198e+03    2.36173e+04   -1.97457e+03   -2.44860e+05
   Coul. recip.      Potential    Kinetic En.   Total Energy  Conserved En.
    1.31488e+03   -2.15222e+05    3.76958e+04   -1.77526e+05   -1.73580e+05
    Temperature Pres. DC (bar) Pressure (bar)   Constr. rmsd
    2.98460e+02   -2.21483e+02    2.86269e+02    3.10109e-06


DD  step 46499 load imb.: force  0.3%
           Step           Time
          46500       93.00000

   Energies (kJ/mol)
           Bond            U-B    Proper Dih.  Improper Dih.      CMAP Dih.
    2.48225e+02    8.08059e+02    9.55761e+02    6.10408e+01   -1.01021e+02
          LJ-14     Coulomb-14        LJ (SR)  Disper. corr.   Coulomb (SR)
    2.52365e+02    4.39466e+03    2.21867e+04   -1.99034e+03   -2.43919e+05
   Coul. recip.      Potential    Kinetic En.   Total Energy  Conserved En.
    1.27751e+03   -2.15826e+05    3.79878e+04   -1.77839e+05   -1.73595e+05
    Temperature Pres. DC (bar) Pressure (bar)   Constr. rmsd
    3.00772e+02   -2.25032e+02   -1.15073e+02    2.68274e-06


DD  step 46999 load imb.: force  0.8%
           Step           Time
          47000       94.00000

   Energies (kJ/mol)
           Bond            U-B    Proper Dih.  Improper Dih.      CMAP Dih.
    2.46260e+02    7.66610e+02    9.77501e+02    4.85091e+01   -8.80386e+01
          LJ-14     Coulomb-14        LJ (SR)  Disper. corr.   Coulomb (SR)
    2.50308e+02    4.46783e+03    2.35289e+04   -1.97958e+03   -2.45328e+05
   Coul. recip.      Potential    Kinetic En.   Total Energy  Conserved En.
    1.31546e+03   -2.15795e+05    3.76517e+04   -1.78143e+05   -1.73591e+05
    Temperature Pres. DC (bar) Pressure (bar)   Constr. rmsd
    2.98111e+02   -2.22608e+02    3.06033e+02    2.54179e-06


DD  step 47499 load imb.: force  0.4%
           Step           Time
          47500       95.00000

   Energies (kJ/mol)
           Bond            U-B    Proper Dih.  Improper Dih.      CMAP Dih.
    2.49422e+02    8.42112e+02    9.43742e+02    4.88400e+01   -9.94773e+01
          LJ-14     Coulomb-14        LJ (SR)  Disper. corr.   Coulomb (SR)
    2.41921e+02    4.40332e+03    2.29624e+04   -1.97587e+03   -2.44667e+05
   Coul. recip.      Potential    Kinetic En.   Total Energy  Conserved En.
    1.28179e+03   -2.15769e+05    3.80883e+04   -1.77680e+05   -1.73587e+05
    Temperature Pres. DC (bar) Pressure (bar)   Constr. rmsd
    3.01568e+02   -2.21775e+02   -8.11157e+01    2.61390e-06


DD  step 47999 load imb.: force  0.7%
           Step           Time
          48000       96.00000

   Energies (kJ/mol)
           Bond            U-B    Proper Dih.  Improper Dih.      CMAP Dih.
    2.48334e+02    8.42639e+02    9.22977e+02    4.95548e+01   -1.08283e+02
          LJ-14     Coulomb-14        LJ (SR)  Disper. corr.   Coulomb (SR)
    2.46140e+02    4.37111e+03    2.24111e+04   -1.98593e+03   -2.44081e+05
   Coul. recip.      Potential    Kinetic En.   Total Energy  Conserved En.
    1.28000e+03   -2.15803e+05    3.79865e+04   -1.77816e+05   -1.73585e+05
    Temperature Pres. DC (bar) Pressure (bar)   Constr. rmsd
    3.00762e+02   -2.24035e+02   -9.77263e+01    3.55971e-06


DD  step 48499 load imb.: force  0.4%
           Step           Time
          48500       97.00000

   Energies (kJ/mol)
           Bond            U-B    Proper Dih.  Improper Dih.      CMAP Dih.
    2.68317e+02    7.91035e+02    9.50830e+02    4.85425e+01   -7.83024e+01
          LJ-14     Coulomb-14        LJ (SR)  Disper. corr.   Coulomb (SR)
    2.68497e+02    4.44857e+03    2.30620e+04   -1.99545e+03   -2.45023e+05
   Coul. recip.      Potential    Kinetic En.   Total Energy  Conserved En.
    1.31304e+03   -2.15946e+05    3.81634e+04   -1.77782e+05   -1.73577e+05
    Temperature Pres. DC (bar) Pressure (bar)   Constr. rmsd
    3.02163e+02   -2.26188e+02    2.51010e+02    2.53692e-06


DD  step 48999 load imb.: force  0.2%
           Step           Time
          49000       98.00000

   Energies (kJ/mol)
           Bond            U-B    Proper Dih.  Improper Dih.      CMAP Dih.
    2.80444e+02    7.59352e+02    9.76412e+02    4.35977e+01   -1.00636e+02
          LJ-14     Coulomb-14        LJ (SR)  Disper. corr.   Coulomb (SR)
    2.32638e+02    4.45068e+03    2.24353e+04   -1.97293e+03   -2.45021e+05
   Coul. recip.      Potential    Kinetic En.   Total Energy  Conserved En.
    1.29162e+03   -2.16624e+05    3.77931e+04   -1.78831e+05   -1.73577e+05
    Temperature Pres. DC (bar) Pressure (bar)   Constr. rmsd
    2.99231e+02   -2.21117e+02   -4.56986e+02    2.96148e-06


DD  step 49499 load imb.: force  0.2%
           Step           Time
          49500       99.00000

   Energies (kJ/mol)
           Bond            U-B    Proper Dih.  Improper Dih.      CMAP Dih.
    2.87073e+02    7.63586e+02    9.27647e+02    4.04447e+01   -9.20995e+01
          LJ-14     Coulomb-14        LJ (SR)  Disper. corr.   Coulomb (SR)
    2.41024e+02    4.39274e+03    2.36072e+04   -1.98091e+03   -2.45688e+05
   Coul. recip.      Potential    Kinetic En.   Total Energy  Conserved En.
    1.34876e+03   -2.16153e+05    3.72235e+04   -1.78929e+05   -1.73563e+05
    Temperature Pres. DC (bar) Pressure (bar)   Constr. rmsd
    2.94721e+02   -2.22906e+02    8.84002e+01    2.42703e-06


DD  step 49999 load imb.: force  0.4%
           Step           Time
          50000      100.00000

Writing checkpoint, step 50000 at Mon Mar  4 13:27:18 2024


   Energies (kJ/mol)
           Bond            U-B    Proper Dih.  Improper Dih.      CMAP Dih.
    2.69542e+02    8.45193e+02    9.49927e+02    4.31932e+01   -1.04909e+02
          LJ-14     Coulomb-14        LJ (SR)  Disper. corr.   Coulomb (SR)
    2.63295e+02    4.44100e+03    2.23866e+04   -1.97348e+03   -2.43628e+05
   Coul. recip.      Potential    Kinetic En.   Total Energy  Conserved En.
    1.33061e+03   -2.15177e+05    3.86676e+04   -1.76509e+05   -1.73564e+05
    Temperature Pres. DC (bar) Pressure (bar)   Constr. rmsd
    3.06154e+02   -2.21240e+02   -1.87007e+02    2.80946e-06

	<======  ###############  ==>
	<====  A V E R A G E S  ====>
	<==  ###############  ======>

	Statistics over 50001 steps using 501 frames

   Energies (kJ/mol)
           Bond            U-B    Proper Dih.  Improper Dih.      CMAP Dih.
    2.70586e+02    8.16539e+02    9.45136e+02    5.12500e+01   -1.10540e+02
          LJ-14     Coulomb-14        LJ (SR)  Disper. corr.   Coulomb (SR)
    2.52976e+02    4.39069e+03    2.28564e+04   -1.97948e+03   -2.44518e+05
   Coul. recip.      Potential    Kinetic En.   Total Energy  Conserved En.
    1.31894e+03   -2.15706e+05    3.78871e+04   -1.77818e+05   -1.73761e+05
    Temperature Pres. DC (bar) Pressure (bar)   Constr. rmsd
    2.99975e+02   -2.22596e+02   -4.42746e+00    0.00000e+00

          Box-X          Box-Y          Box-Z
    6.89743e+00    4.81585e+00    4.45108e+00

   Total Virial (kJ/mol)
    1.26263e+04   -3.16885e+01   -2.21868e+01
   -3.21527e+01    1.26051e+04    2.83655e+01
   -2.21381e+01    2.83105e+01    1.27246e+04

   Pressure (bar)
    1.12548e+00    2.22929e+00    7.10406e+00
    2.33380e+00    5.66782e+00   -5.66528e+00
    7.09365e+00   -5.65299e+00   -2.00757e+01

      T-Protein  T-non-Protein
    3.00027e+02    2.99974e+02


	M E G A - F L O P S   A C C O U N T I N G

 NB=Group-cutoff nonbonded kernels    NxN=N-by-N cluster Verlet kernels
 RF=Reaction-Field  VdW=Van der Waals  QSTab=quadratic-spline table
 W3=SPC/TIP3p  W4=TIP4p (single or pairs)
 V&F=Potential and force  V=Potential only  F=Force only

 Computing:                               M-Number         M-Flops  % Flops
-----------------------------------------------------------------------------
 Pair Search distance check            6431.160524       57880.445     0.2
 NxN Ewald Elec. + LJ [F]            435403.553856    28736634.554    93.2
 NxN Ewald Elec. + LJ [V&F]            4406.751600      471522.421     1.5
 NxN LJ [F]                               4.070720         134.334     0.0
 NxN LJ [V&F]                             0.039680           1.706     0.0
 NxN Ewald Elec. [F]                   5980.823840      364830.254     1.2
 NxN Ewald Elec. [V&F]                   60.469296        5079.421     0.0
 1,4 nonbonded interactions              46.300926        4167.083     0.0
 Calc Weights                          2263.545270       81487.630     0.3
 Spread Q Bspline                     48288.965760       96577.932     0.3
 Gather F Bspline                     48288.965760      289733.795     0.9
 3D-FFT                               76604.732064      612837.857     2.0
 Solve PME                               76.801536        4915.298     0.0
 Reset In Box                            15.090000          45.270     0.0
 CG-CoM                                  15.105090          45.315     0.0
 Bonds                                    8.900178         525.111     0.0
 Propers                                 46.250925       10591.462     0.0
 Impropers                                3.050061         634.413     0.0
 Virial                                  75.915180        1366.473     0.0
 Stop-CM                                  7.560090          75.601     0.0
 Calc-Ekin                              150.930180        4075.115     0.0
 Lincs                                    8.850177         531.011     0.0
 Lincs-Mat                               49.800996         199.204     0.0
 Constraint-V                           753.165063        6025.321     0.0
 Constraint-Vir                          74.444886        1786.677     0.0
 Settle                                 245.154903       79185.034     0.3
 CMAP                                     0.950019        1615.032     0.0
 Urey-Bradley                            32.150643        5883.568     0.0
-----------------------------------------------------------------------------
 Total                                                30838387.335   100.0
-----------------------------------------------------------------------------


    D O M A I N   D E C O M P O S I T I O N   S T A T I S T I C S

 av. #atoms communicated per step for force:  2 x 5460.9


Dynamic load balancing report:
 DLB was off during the run due to low measured imbalance.
 Average load imbalance: 0.6%.
 The balanceable part of the MD step is 79%, load imbalance is computed from this.
 Part of the total run time spent waiting due to load imbalance: 0.5%.


     R E A L   C Y C L E   A N D   T I M E   A C C O U N T I N G

On 2 MPI ranks

 Computing:          Num   Num      Call    Wall time         Giga-Cycles
                     Ranks Threads  Count      (s)         total sum    %
-----------------------------------------------------------------------------
 Domain decomp.         2    1       1000       1.426          7.973   0.4
 DD comm. load          2    1        502       0.003          0.019   0.0
 Neighbor search        2    1       1001       9.484         53.006   2.6
 Comm. coord.           2    1      49000       0.833          4.656   0.2
 Force                  2    1      50001     280.465       1567.583  78.3
 Wait + Comm. F         2    1      50001       0.870          4.863   0.2
 PME mesh               2    1      50001      56.200        314.115  15.7
 NB X/F buffer ops.     2    1     148001       1.921         10.736   0.5
 Write traj.            2    1        101       0.230          1.284   0.1
 Update                 2    1      50001       1.150          6.427   0.3
 Constraints            2    1      50001       4.310         24.091   1.2
 Comm. energies         2    1       5001       0.274          1.533   0.1
 Rest                                           0.931          5.206   0.3
-----------------------------------------------------------------------------
 Total                                        358.098       2001.491 100.0
-----------------------------------------------------------------------------
 Breakdown of PME mesh computation
-----------------------------------------------------------------------------
 PME redist. X/F        2    1     100002       6.435         35.964   1.8
 PME spread             2    1      50001      14.359         80.258   4.0
 PME gather             2    1      50001       9.980         55.781   2.8
 PME 3D-FFT             2    1     100002      22.709        126.924   6.3
 PME 3D-FFT Comm.       2    1     100002       1.493          8.345   0.4
 PME solve Elec         2    1      50001       1.140          6.373   0.3
-----------------------------------------------------------------------------

               Core t (s)   Wall t (s)        (%)
       Time:      716.195      358.098      200.0
                 (ns/day)    (hour/ns)
Performance:       24.128        0.995
Finished mdrun on rank 0 Mon Mar  4 13:27:18 2024

